The system is: Linux - 4.6.0-1-amd64 - x86_64
Compiling the C compiler identification source file "CMakeCCompilerId.c" succeeded.
Compiler: /usr/bin/cc 
Build flags: 
Id flags: 

The output was:
0


Compilation of the C compiler identification source "CMakeCCompilerId.c" produced "a.out"

The C compiler identification is GNU, found in "/home/anithagenilos/Λήψεις/ph/warplda-master/release/CMakeFiles/3.6.2/CompilerIdC/a.out"

Compiling the CXX compiler identification source file "CMakeCXXCompilerId.cpp" succeeded.
Compiler: /usr/bin/c++ 
Build flags: 
Id flags: 

The output was:
0


Compilation of the CXX compiler identification source "CMakeCXXCompilerId.cpp" produced "a.out"

The CXX compiler identification is GNU, found in "/home/anithagenilos/Λήψεις/ph/warplda-master/release/CMakeFiles/3.6.2/CompilerIdCXX/a.out"

Determining if the C compiler works passed with the following output:
Change Dir: /home/anithagenilos/Λήψεις/ph/warplda-master/release/CMakeFiles/CMakeTmp

Run Build Command:"/usr/bin/make" "cmTC_1ba82/fast"
/usr/bin/make -f CMakeFiles/cmTC_1ba82.dir/build.make CMakeFiles/cmTC_1ba82.dir/build
make[1]: Entering directory '/home/anithagenilos/Λήψεις/ph/warplda-master/release/CMakeFiles/CMakeTmp'
Building C object CMakeFiles/cmTC_1ba82.dir/testCCompiler.c.o
/usr/bin/cc     -o CMakeFiles/cmTC_1ba82.dir/testCCompiler.c.o   -c /home/anithagenilos/Λήψεις/ph/warplda-master/release/CMakeFiles/CMakeTmp/testCCompiler.c
Linking C executable cmTC_1ba82
/usr/bin/cmake -E cmake_link_script CMakeFiles/cmTC_1ba82.dir/link.txt --verbose=1
/usr/bin/cc       CMakeFiles/cmTC_1ba82.dir/testCCompiler.c.o  -o cmTC_1ba82 -rdynamic 
make[1]: Leaving directory '/home/anithagenilos/Λήψεις/ph/warplda-master/release/CMakeFiles/CMakeTmp'


Detecting C compiler ABI info compiled with the following output:
Change Dir: /home/anithagenilos/Λήψεις/ph/warplda-master/release/CMakeFiles/CMakeTmp

Run Build Command:"/usr/bin/make" "cmTC_d11c5/fast"
/usr/bin/make -f CMakeFiles/cmTC_d11c5.dir/build.make CMakeFiles/cmTC_d11c5.dir/build
make[1]: Entering directory '/home/anithagenilos/Λήψεις/ph/warplda-master/release/CMakeFiles/CMakeTmp'
Building C object CMakeFiles/cmTC_d11c5.dir/CMakeCCompilerABI.c.o
/usr/bin/cc     -o CMakeFiles/cmTC_d11c5.dir/CMakeCCompilerABI.c.o   -c /usr/share/cmake-3.6/Modules/CMakeCCompilerABI.c
Linking C executable cmTC_d11c5
/usr/bin/cmake -E cmake_link_script CMakeFiles/cmTC_d11c5.dir/link.txt --verbose=1
/usr/bin/cc      -v CMakeFiles/cmTC_d11c5.dir/CMakeCCompilerABI.c.o  -o cmTC_d11c5 -rdynamic  
Using built-in specs.
COLLECT_GCC=/usr/bin/cc
COLLECT_LTO_WRAPPER=/usr/lib/gcc/x86_64-linux-gnu/6/lto-wrapper
Target: x86_64-linux-gnu
Configured with: ../src/configure -v --with-pkgversion='Debian 6.3.0-6' --with-bugurl=file:///usr/share/doc/gcc-6/README.Bugs --enable-languages=c,ada,c++,java,go,d,fortran,objc,obj-c++ --prefix=/usr --program-suffix=-6 --program-prefix=x86_64-linux-gnu- --enable-shared --enable-linker-build-id --libexecdir=/usr/lib --without-included-gettext --enable-threads=posix --libdir=/usr/lib --enable-nls --with-sysroot=/ --enable-clocale=gnu --enable-libstdcxx-debug --enable-libstdcxx-time=yes --with-default-libstdcxx-abi=new --enable-gnu-unique-object --disable-vtable-verify --enable-libmpx --enable-plugin --enable-default-pie --with-system-zlib --disable-browser-plugin --enable-java-awt=gtk --enable-gtk-cairo --with-java-home=/usr/lib/jvm/java-1.5.0-gcj-6-amd64/jre --enable-java-home --with-jvm-root-dir=/usr/lib/jvm/java-1.5.0-gcj-6-amd64 --with-jvm-jar-dir=/usr/lib/jvm-exports/java-1.5.0-gcj-6-amd64 --with-arch-directory=amd64 --with-ecj-jar=/usr/share/java/eclipse-ecj.jar --with-target-system-zlib --enable-objc-gc=auto --enable-multiarch --with-arch-32=i686 --with-abi=m64 --with-multilib-list=m32,m64,mx32 --enable-multilib --with-tune=generic --enable-checking=release --build=x86_64-linux-gnu --host=x86_64-linux-gnu --target=x86_64-linux-gnu
Thread model: posix
gcc version 6.3.0 20170205 (Debian 6.3.0-6) 
COMPILER_PATH=/usr/lib/gcc/x86_64-linux-gnu/6/:/usr/lib/gcc/x86_64-linux-gnu/6/:/usr/lib/gcc/x86_64-linux-gnu/:/usr/lib/gcc/x86_64-linux-gnu/6/:/usr/lib/gcc/x86_64-linux-gnu/
LIBRARY_PATH=/usr/lib/gcc/x86_64-linux-gnu/6/:/usr/lib/gcc/x86_64-linux-gnu/6/../../../x86_64-linux-gnu/:/usr/lib/gcc/x86_64-linux-gnu/6/../../../../lib/:/lib/x86_64-linux-gnu/:/lib/../lib/:/usr/lib/x86_64-linux-gnu/:/usr/lib/../lib/:/usr/lib/gcc/x86_64-linux-gnu/6/../../../:/lib/:/usr/lib/
COLLECT_GCC_OPTIONS='-v' '-o' 'cmTC_d11c5' '-rdynamic' '-mtune=generic' '-march=x86-64'
 /usr/lib/gcc/x86_64-linux-gnu/6/collect2 -plugin /usr/lib/gcc/x86_64-linux-gnu/6/liblto_plugin.so -plugin-opt=/usr/lib/gcc/x86_64-linux-gnu/6/lto-wrapper -plugin-opt=-fresolution=/tmp/cc7wEHlc.res -plugin-opt=-pass-through=-lgcc -plugin-opt=-pass-through=-lgcc_s -plugin-opt=-pass-through=-lc -plugin-opt=-pass-through=-lgcc -plugin-opt=-pass-through=-lgcc_s --sysroot=/ --build-id --eh-frame-hdr -m elf_x86_64 --hash-style=gnu -export-dynamic -dynamic-linker /lib64/ld-linux-x86-64.so.2 -pie -o cmTC_d11c5 /usr/lib/gcc/x86_64-linux-gnu/6/../../../x86_64-linux-gnu/Scrt1.o /usr/lib/gcc/x86_64-linux-gnu/6/../../../x86_64-linux-gnu/crti.o /usr/lib/gcc/x86_64-linux-gnu/6/crtbeginS.o -L/usr/lib/gcc/x86_64-linux-gnu/6 -L/usr/lib/gcc/x86_64-linux-gnu/6/../../../x86_64-linux-gnu -L/usr/lib/gcc/x86_64-linux-gnu/6/../../../../lib -L/lib/x86_64-linux-gnu -L/lib/../lib -L/usr/lib/x86_64-linux-gnu -L/usr/lib/../lib -L/usr/lib/gcc/x86_64-linux-gnu/6/../../.. CMakeFiles/cmTC_d11c5.dir/CMakeCCompilerABI.c.o -lgcc --as-needed -lgcc_s --no-as-needed -lc -lgcc --as-needed -lgcc_s --no-as-needed /usr/lib/gcc/x86_64-linux-gnu/6/crtendS.o /usr/lib/gcc/x86_64-linux-gnu/6/../../../x86_64-linux-gnu/crtn.o
COLLECT_GCC_OPTIONS='-v' '-o' 'cmTC_d11c5' '-rdynamic' '-mtune=generic' '-march=x86-64'
make[1]: Leaving directory '/home/anithagenilos/Λήψεις/ph/warplda-master/release/CMakeFiles/CMakeTmp'


Parsed C implicit link information from above output:
  link line regex: [^( *|.*[/\])(ld|([^/\]+-)?ld|collect2)[^/\]*( |$)]
  ignore line: [Change Dir: /home/anithagenilos/Λήψεις/ph/warplda-master/release/CMakeFiles/CMakeTmp]
  ignore line: []
  ignore line: [Run Build Command:"/usr/bin/make" "cmTC_d11c5/fast"]
  ignore line: [/usr/bin/make -f CMakeFiles/cmTC_d11c5.dir/build.make CMakeFiles/cmTC_d11c5.dir/build]
  ignore line: [make[1]: Entering directory '/home/anithagenilos/Λήψεις/ph/warplda-master/release/CMakeFiles/CMakeTmp']
  ignore line: [Building C object CMakeFiles/cmTC_d11c5.dir/CMakeCCompilerABI.c.o]
  ignore line: [/usr/bin/cc     -o CMakeFiles/cmTC_d11c5.dir/CMakeCCompilerABI.c.o   -c /usr/share/cmake-3.6/Modules/CMakeCCompilerABI.c]
  ignore line: [Linking C executable cmTC_d11c5]
  ignore line: [/usr/bin/cmake -E cmake_link_script CMakeFiles/cmTC_d11c5.dir/link.txt --verbose=1]
  ignore line: [/usr/bin/cc      -v CMakeFiles/cmTC_d11c5.dir/CMakeCCompilerABI.c.o  -o cmTC_d11c5 -rdynamic  ]
  ignore line: [Using built-in specs.]
  ignore line: [COLLECT_GCC=/usr/bin/cc]
  ignore line: [COLLECT_LTO_WRAPPER=/usr/lib/gcc/x86_64-linux-gnu/6/lto-wrapper]
  ignore line: [Target: x86_64-linux-gnu]
  ignore line: [Configured with: ../src/configure -v --with-pkgversion='Debian 6.3.0-6' --with-bugurl=file:///usr/share/doc/gcc-6/README.Bugs --enable-languages=c,ada,c++,java,go,d,fortran,objc,obj-c++ --prefix=/usr --program-suffix=-6 --program-prefix=x86_64-linux-gnu- --enable-shared --enable-linker-build-id --libexecdir=/usr/lib --without-included-gettext --enable-threads=posix --libdir=/usr/lib --enable-nls --with-sysroot=/ --enable-clocale=gnu --enable-libstdcxx-debug --enable-libstdcxx-time=yes --with-default-libstdcxx-abi=new --enable-gnu-unique-object --disable-vtable-verify --enable-libmpx --enable-plugin --enable-default-pie --with-system-zlib --disable-browser-plugin --enable-java-awt=gtk --enable-gtk-cairo --with-java-home=/usr/lib/jvm/java-1.5.0-gcj-6-amd64/jre --enable-java-home --with-jvm-root-dir=/usr/lib/jvm/java-1.5.0-gcj-6-amd64 --with-jvm-jar-dir=/usr/lib/jvm-exports/java-1.5.0-gcj-6-amd64 --with-arch-directory=amd64 --with-ecj-jar=/usr/share/java/eclipse-ecj.jar --with-target-system-zlib --enable-objc-gc=auto --enable-multiarch --with-arch-32=i686 --with-abi=m64 --with-multilib-list=m32,m64,mx32 --enable-multilib --with-tune=generic --enable-checking=release --build=x86_64-linux-gnu --host=x86_64-linux-gnu --target=x86_64-linux-gnu]
  ignore line: [Thread model: posix]
  ignore line: [gcc version 6.3.0 20170205 (Debian 6.3.0-6) ]
  ignore line: [COMPILER_PATH=/usr/lib/gcc/x86_64-linux-gnu/6/:/usr/lib/gcc/x86_64-linux-gnu/6/:/usr/lib/gcc/x86_64-linux-gnu/:/usr/lib/gcc/x86_64-linux-gnu/6/:/usr/lib/gcc/x86_64-linux-gnu/]
  ignore line: [LIBRARY_PATH=/usr/lib/gcc/x86_64-linux-gnu/6/:/usr/lib/gcc/x86_64-linux-gnu/6/../../../x86_64-linux-gnu/:/usr/lib/gcc/x86_64-linux-gnu/6/../../../../lib/:/lib/x86_64-linux-gnu/:/lib/../lib/:/usr/lib/x86_64-linux-gnu/:/usr/lib/../lib/:/usr/lib/gcc/x86_64-linux-gnu/6/../../../:/lib/:/usr/lib/]
  ignore line: [COLLECT_GCC_OPTIONS='-v' '-o' 'cmTC_d11c5' '-rdynamic' '-mtune=generic' '-march=x86-64']
  link line: [ /usr/lib/gcc/x86_64-linux-gnu/6/collect2 -plugin /usr/lib/gcc/x86_64-linux-gnu/6/liblto_plugin.so -plugin-opt=/usr/lib/gcc/x86_64-linux-gnu/6/lto-wrapper -plugin-opt=-fresolution=/tmp/cc7wEHlc.res -plugin-opt=-pass-through=-lgcc -plugin-opt=-pass-through=-lgcc_s -plugin-opt=-pass-through=-lc -plugin-opt=-pass-through=-lgcc -plugin-opt=-pass-through=-lgcc_s --sysroot=/ --build-id --eh-frame-hdr -m elf_x86_64 --hash-style=gnu -export-dynamic -dynamic-linker /lib64/ld-linux-x86-64.so.2 -pie -o cmTC_d11c5 /usr/lib/gcc/x86_64-linux-gnu/6/../../../x86_64-linux-gnu/Scrt1.o /usr/lib/gcc/x86_64-linux-gnu/6/../../../x86_64-linux-gnu/crti.o /usr/lib/gcc/x86_64-linux-gnu/6/crtbeginS.o -L/usr/lib/gcc/x86_64-linux-gnu/6 -L/usr/lib/gcc/x86_64-linux-gnu/6/../../../x86_64-linux-gnu -L/usr/lib/gcc/x86_64-linux-gnu/6/../../../../lib -L/lib/x86_64-linux-gnu -L/lib/../lib -L/usr/lib/x86_64-linux-gnu -L/usr/lib/../lib -L/usr/lib/gcc/x86_64-linux-gnu/6/../../.. CMakeFiles/cmTC_d11c5.dir/CMakeCCompilerABI.c.o -lgcc --as-needed -lgcc_s --no-as-needed -lc -lgcc --as-needed -lgcc_s --no-as-needed /usr/lib/gcc/x86_64-linux-gnu/6/crtendS.o /usr/lib/gcc/x86_64-linux-gnu/6/../../../x86_64-linux-gnu/crtn.o]
    arg [/usr/lib/gcc/x86_64-linux-gnu/6/collect2] ==> ignore
    arg [-plugin] ==> ignore
    arg [/usr/lib/gcc/x86_64-linux-gnu/6/liblto_plugin.so] ==> ignore
    arg [-plugin-opt=/usr/lib/gcc/x86_64-linux-gnu/6/lto-wrapper] ==> ignore
    arg [-plugin-opt=-fresolution=/tmp/cc7wEHlc.res] ==> ignore
    arg [-plugin-opt=-pass-through=-lgcc] ==> ignore
    arg [-plugin-opt=-pass-through=-lgcc_s] ==> ignore
    arg [-plugin-opt=-pass-through=-lc] ==> ignore
    arg [-plugin-opt=-pass-through=-lgcc] ==> ignore
    arg [-plugin-opt=-pass-through=-lgcc_s] ==> ignore
    arg [--sysroot=/] ==> ignore
    arg [--build-id] ==> ignore
    arg [--eh-frame-hdr] ==> ignore
    arg [-m] ==> ignore
    arg [elf_x86_64] ==> ignore
    arg [--hash-style=gnu] ==> ignore
    arg [-export-dynamic] ==> ignore
    arg [-dynamic-linker] ==> ignore
    arg [/lib64/ld-linux-x86-64.so.2] ==> ignore
    arg [-pie] ==> ignore
    arg [-o] ==> ignore
    arg [cmTC_d11c5] ==> ignore
    arg [/usr/lib/gcc/x86_64-linux-gnu/6/../../../x86_64-linux-gnu/Scrt1.o] ==> ignore
    arg [/usr/lib/gcc/x86_64-linux-gnu/6/../../../x86_64-linux-gnu/crti.o] ==> ignore
    arg [/usr/lib/gcc/x86_64-linux-gnu/6/crtbeginS.o] ==> ignore
    arg [-L/usr/lib/gcc/x86_64-linux-gnu/6] ==> dir [/usr/lib/gcc/x86_64-linux-gnu/6]
    arg [-L/usr/lib/gcc/x86_64-linux-gnu/6/../../../x86_64-linux-gnu] ==> dir [/usr/lib/gcc/x86_64-linux-gnu/6/../../../x86_64-linux-gnu]
    arg [-L/usr/lib/gcc/x86_64-linux-gnu/6/../../../../lib] ==> dir [/usr/lib/gcc/x86_64-linux-gnu/6/../../../../lib]
    arg [-L/lib/x86_64-linux-gnu] ==> dir [/lib/x86_64-linux-gnu]
    arg [-L/lib/../lib] ==> dir [/lib/../lib]
    arg [-L/usr/lib/x86_64-linux-gnu] ==> dir [/usr/lib/x86_64-linux-gnu]
    arg [-L/usr/lib/../lib] ==> dir [/usr/lib/../lib]
    arg [-L/usr/lib/gcc/x86_64-linux-gnu/6/../../..] ==> dir [/usr/lib/gcc/x86_64-linux-gnu/6/../../..]
    arg [CMakeFiles/cmTC_d11c5.dir/CMakeCCompilerABI.c.o] ==> ignore
    arg [-lgcc] ==> lib [gcc]
    arg [--as-needed] ==> ignore
    arg [-lgcc_s] ==> lib [gcc_s]
    arg [--no-as-needed] ==> ignore
    arg [-lc] ==> lib [c]
    arg [-lgcc] ==> lib [gcc]
    arg [--as-needed] ==> ignore
    arg [-lgcc_s] ==> lib [gcc_s]
    arg [--no-as-needed] ==> ignore
    arg [/usr/lib/gcc/x86_64-linux-gnu/6/crtendS.o] ==> ignore
    arg [/usr/lib/gcc/x86_64-linux-gnu/6/../../../x86_64-linux-gnu/crtn.o] ==> ignore
  remove lib [gcc]
  remove lib [gcc_s]
  remove lib [gcc]
  remove lib [gcc_s]
  collapse library dir [/usr/lib/gcc/x86_64-linux-gnu/6] ==> [/usr/lib/gcc/x86_64-linux-gnu/6]
  collapse library dir [/usr/lib/gcc/x86_64-linux-gnu/6/../../../x86_64-linux-gnu] ==> [/usr/lib/x86_64-linux-gnu]
  collapse library dir [/usr/lib/gcc/x86_64-linux-gnu/6/../../../../lib] ==> [/usr/lib]
  collapse library dir [/lib/x86_64-linux-gnu] ==> [/lib/x86_64-linux-gnu]
  collapse library dir [/lib/../lib] ==> [/lib]
  collapse library dir [/usr/lib/x86_64-linux-gnu] ==> [/usr/lib/x86_64-linux-gnu]
  collapse library dir [/usr/lib/../lib] ==> [/usr/lib]
  collapse library dir [/usr/lib/gcc/x86_64-linux-gnu/6/../../..] ==> [/usr/lib]
  implicit libs: [c]
  implicit dirs: [/usr/lib/gcc/x86_64-linux-gnu/6;/usr/lib/x86_64-linux-gnu;/usr/lib;/lib/x86_64-linux-gnu;/lib]
  implicit fwks: []




Detecting C [-std=c11] compiler features compiled with the following output:
Change Dir: /home/anithagenilos/Λήψεις/ph/warplda-master/release/CMakeFiles/CMakeTmp

Run Build Command:"/usr/bin/make" "cmTC_8dfca/fast"
/usr/bin/make -f CMakeFiles/cmTC_8dfca.dir/build.make CMakeFiles/cmTC_8dfca.dir/build
make[1]: Entering directory '/home/anithagenilos/Λήψεις/ph/warplda-master/release/CMakeFiles/CMakeTmp'
Building C object CMakeFiles/cmTC_8dfca.dir/feature_tests.c.o
/usr/bin/cc    -std=c11 -o CMakeFiles/cmTC_8dfca.dir/feature_tests.c.o   -c /home/anithagenilos/Λήψεις/ph/warplda-master/release/CMakeFiles/feature_tests.c
Linking C executable cmTC_8dfca
/usr/bin/cmake -E cmake_link_script CMakeFiles/cmTC_8dfca.dir/link.txt --verbose=1
/usr/bin/cc       CMakeFiles/cmTC_8dfca.dir/feature_tests.c.o  -o cmTC_8dfca -rdynamic 
make[1]: Leaving directory '/home/anithagenilos/Λήψεις/ph/warplda-master/release/CMakeFiles/CMakeTmp'


    Feature record: C_FEATURE:1c_function_prototypes
    Feature record: C_FEATURE:1c_restrict
    Feature record: C_FEATURE:1c_static_assert
    Feature record: C_FEATURE:1c_variadic_macros


Detecting C [-std=c99] compiler features compiled with the following output:
Change Dir: /home/anithagenilos/Λήψεις/ph/warplda-master/release/CMakeFiles/CMakeTmp

Run Build Command:"/usr/bin/make" "cmTC_0e9a3/fast"
/usr/bin/make -f CMakeFiles/cmTC_0e9a3.dir/build.make CMakeFiles/cmTC_0e9a3.dir/build
make[1]: Entering directory '/home/anithagenilos/Λήψεις/ph/warplda-master/release/CMakeFiles/CMakeTmp'
Building C object CMakeFiles/cmTC_0e9a3.dir/feature_tests.c.o
/usr/bin/cc    -std=c99 -o CMakeFiles/cmTC_0e9a3.dir/feature_tests.c.o   -c /home/anithagenilos/Λήψεις/ph/warplda-master/release/CMakeFiles/feature_tests.c
Linking C executable cmTC_0e9a3
/usr/bin/cmake -E cmake_link_script CMakeFiles/cmTC_0e9a3.dir/link.txt --verbose=1
/usr/bin/cc       CMakeFiles/cmTC_0e9a3.dir/feature_tests.c.o  -o cmTC_0e9a3 -rdynamic 
make[1]: Leaving directory '/home/anithagenilos/Λήψεις/ph/warplda-master/release/CMakeFiles/CMakeTmp'


    Feature record: C_FEATURE:1c_function_prototypes
    Feature record: C_FEATURE:1c_restrict
    Feature record: C_FEATURE:0c_static_assert
    Feature record: C_FEATURE:1c_variadic_macros


Detecting C [-std=c90] compiler features compiled with the following output:
Change Dir: /home/anithagenilos/Λήψεις/ph/warplda-master/release/CMakeFiles/CMakeTmp

Run Build Command:"/usr/bin/make" "cmTC_f022d/fast"
/usr/bin/make -f CMakeFiles/cmTC_f022d.dir/build.make CMakeFiles/cmTC_f022d.dir/build
make[1]: Entering directory '/home/anithagenilos/Λήψεις/ph/warplda-master/release/CMakeFiles/CMakeTmp'
Building C object CMakeFiles/cmTC_f022d.dir/feature_tests.c.o
/usr/bin/cc    -std=c90 -o CMakeFiles/cmTC_f022d.dir/feature_tests.c.o   -c /home/anithagenilos/Λήψεις/ph/warplda-master/release/CMakeFiles/feature_tests.c
Linking C executable cmTC_f022d
/usr/bin/cmake -E cmake_link_script CMakeFiles/cmTC_f022d.dir/link.txt --verbose=1
/usr/bin/cc       CMakeFiles/cmTC_f022d.dir/feature_tests.c.o  -o cmTC_f022d -rdynamic 
make[1]: Leaving directory '/home/anithagenilos/Λήψεις/ph/warplda-master/release/CMakeFiles/CMakeTmp'


    Feature record: C_FEATURE:1c_function_prototypes
    Feature record: C_FEATURE:0c_restrict
    Feature record: C_FEATURE:0c_static_assert
    Feature record: C_FEATURE:0c_variadic_macros
Determining if the CXX compiler works passed with the following output:
Change Dir: /home/anithagenilos/Λήψεις/ph/warplda-master/release/CMakeFiles/CMakeTmp

Run Build Command:"/usr/bin/make" "cmTC_86706/fast"
/usr/bin/make -f CMakeFiles/cmTC_86706.dir/build.make CMakeFiles/cmTC_86706.dir/build
make[1]: Entering directory '/home/anithagenilos/Λήψεις/ph/warplda-master/release/CMakeFiles/CMakeTmp'
Building CXX object CMakeFiles/cmTC_86706.dir/testCXXCompiler.cxx.o
/usr/bin/c++      -o CMakeFiles/cmTC_86706.dir/testCXXCompiler.cxx.o -c /home/anithagenilos/Λήψεις/ph/warplda-master/release/CMakeFiles/CMakeTmp/testCXXCompiler.cxx
Linking CXX executable cmTC_86706
/usr/bin/cmake -E cmake_link_script CMakeFiles/cmTC_86706.dir/link.txt --verbose=1
/usr/bin/c++        CMakeFiles/cmTC_86706.dir/testCXXCompiler.cxx.o  -o cmTC_86706 -rdynamic 
make[1]: Leaving directory '/home/anithagenilos/Λήψεις/ph/warplda-master/release/CMakeFiles/CMakeTmp'


Detecting CXX compiler ABI info compiled with the following output:
Change Dir: /home/anithagenilos/Λήψεις/ph/warplda-master/release/CMakeFiles/CMakeTmp

Run Build Command:"/usr/bin/make" "cmTC_9f152/fast"
/usr/bin/make -f CMakeFiles/cmTC_9f152.dir/build.make CMakeFiles/cmTC_9f152.dir/build
make[1]: Entering directory '/home/anithagenilos/Λήψεις/ph/warplda-master/release/CMakeFiles/CMakeTmp'
Building CXX object CMakeFiles/cmTC_9f152.dir/CMakeCXXCompilerABI.cpp.o
/usr/bin/c++      -o CMakeFiles/cmTC_9f152.dir/CMakeCXXCompilerABI.cpp.o -c /usr/share/cmake-3.6/Modules/CMakeCXXCompilerABI.cpp
Linking CXX executable cmTC_9f152
/usr/bin/cmake -E cmake_link_script CMakeFiles/cmTC_9f152.dir/link.txt --verbose=1
/usr/bin/c++       -v CMakeFiles/cmTC_9f152.dir/CMakeCXXCompilerABI.cpp.o  -o cmTC_9f152 -rdynamic  
Using built-in specs.
COLLECT_GCC=/usr/bin/c++
COLLECT_LTO_WRAPPER=/usr/lib/gcc/x86_64-linux-gnu/6/lto-wrapper
Target: x86_64-linux-gnu
Configured with: ../src/configure -v --with-pkgversion='Debian 6.3.0-6' --with-bugurl=file:///usr/share/doc/gcc-6/README.Bugs --enable-languages=c,ada,c++,java,go,d,fortran,objc,obj-c++ --prefix=/usr --program-suffix=-6 --program-prefix=x86_64-linux-gnu- --enable-shared --enable-linker-build-id --libexecdir=/usr/lib --without-included-gettext --enable-threads=posix --libdir=/usr/lib --enable-nls --with-sysroot=/ --enable-clocale=gnu --enable-libstdcxx-debug --enable-libstdcxx-time=yes --with-default-libstdcxx-abi=new --enable-gnu-unique-object --disable-vtable-verify --enable-libmpx --enable-plugin --enable-default-pie --with-system-zlib --disable-browser-plugin --enable-java-awt=gtk --enable-gtk-cairo --with-java-home=/usr/lib/jvm/java-1.5.0-gcj-6-amd64/jre --enable-java-home --with-jvm-root-dir=/usr/lib/jvm/java-1.5.0-gcj-6-amd64 --with-jvm-jar-dir=/usr/lib/jvm-exports/java-1.5.0-gcj-6-amd64 --with-arch-directory=amd64 --with-ecj-jar=/usr/share/java/eclipse-ecj.jar --with-target-system-zlib --enable-objc-gc=auto --enable-multiarch --with-arch-32=i686 --with-abi=m64 --with-multilib-list=m32,m64,mx32 --enable-multilib --with-tune=generic --enable-checking=release --build=x86_64-linux-gnu --host=x86_64-linux-gnu --target=x86_64-linux-gnu
Thread model: posix
gcc version 6.3.0 20170205 (Debian 6.3.0-6) 
COMPILER_PATH=/usr/lib/gcc/x86_64-linux-gnu/6/:/usr/lib/gcc/x86_64-linux-gnu/6/:/usr/lib/gcc/x86_64-linux-gnu/:/usr/lib/gcc/x86_64-linux-gnu/6/:/usr/lib/gcc/x86_64-linux-gnu/
LIBRARY_PATH=/usr/lib/gcc/x86_64-linux-gnu/6/:/usr/lib/gcc/x86_64-linux-gnu/6/../../../x86_64-linux-gnu/:/usr/lib/gcc/x86_64-linux-gnu/6/../../../../lib/:/lib/x86_64-linux-gnu/:/lib/../lib/:/usr/lib/x86_64-linux-gnu/:/usr/lib/../lib/:/usr/lib/gcc/x86_64-linux-gnu/6/../../../:/lib/:/usr/lib/
COLLECT_GCC_OPTIONS='-v' '-o' 'cmTC_9f152' '-rdynamic' '-shared-libgcc' '-mtune=generic' '-march=x86-64'
 /usr/lib/gcc/x86_64-linux-gnu/6/collect2 -plugin /usr/lib/gcc/x86_64-linux-gnu/6/liblto_plugin.so -plugin-opt=/usr/lib/gcc/x86_64-linux-gnu/6/lto-wrapper -plugin-opt=-fresolution=/tmp/ccEIjwRH.res -plugin-opt=-pass-through=-lgcc_s -plugin-opt=-pass-through=-lgcc -plugin-opt=-pass-through=-lc -plugin-opt=-pass-through=-lgcc_s -plugin-opt=-pass-through=-lgcc --sysroot=/ --build-id --eh-frame-hdr -m elf_x86_64 --hash-style=gnu -export-dynamic -dynamic-linker /lib64/ld-linux-x86-64.so.2 -pie -o cmTC_9f152 /usr/lib/gcc/x86_64-linux-gnu/6/../../../x86_64-linux-gnu/Scrt1.o /usr/lib/gcc/x86_64-linux-gnu/6/../../../x86_64-linux-gnu/crti.o /usr/lib/gcc/x86_64-linux-gnu/6/crtbeginS.o -L/usr/lib/gcc/x86_64-linux-gnu/6 -L/usr/lib/gcc/x86_64-linux-gnu/6/../../../x86_64-linux-gnu -L/usr/lib/gcc/x86_64-linux-gnu/6/../../../../lib -L/lib/x86_64-linux-gnu -L/lib/../lib -L/usr/lib/x86_64-linux-gnu -L/usr/lib/../lib -L/usr/lib/gcc/x86_64-linux-gnu/6/../../.. CMakeFiles/cmTC_9f152.dir/CMakeCXXCompilerABI.cpp.o -lstdc++ -lm -lgcc_s -lgcc -lc -lgcc_s -lgcc /usr/lib/gcc/x86_64-linux-gnu/6/crtendS.o /usr/lib/gcc/x86_64-linux-gnu/6/../../../x86_64-linux-gnu/crtn.o
COLLECT_GCC_OPTIONS='-v' '-o' 'cmTC_9f152' '-rdynamic' '-shared-libgcc' '-mtune=generic' '-march=x86-64'
make[1]: Leaving directory '/home/anithagenilos/Λήψεις/ph/warplda-master/release/CMakeFiles/CMakeTmp'


Parsed CXX implicit link information from above output:
  link line regex: [^( *|.*[/\])(ld|([^/\]+-)?ld|collect2)[^/\]*( |$)]
  ignore line: [Change Dir: /home/anithagenilos/Λήψεις/ph/warplda-master/release/CMakeFiles/CMakeTmp]
  ignore line: []
  ignore line: [Run Build Command:"/usr/bin/make" "cmTC_9f152/fast"]
  ignore line: [/usr/bin/make -f CMakeFiles/cmTC_9f152.dir/build.make CMakeFiles/cmTC_9f152.dir/build]
  ignore line: [make[1]: Entering directory '/home/anithagenilos/Λήψεις/ph/warplda-master/release/CMakeFiles/CMakeTmp']
  ignore line: [Building CXX object CMakeFiles/cmTC_9f152.dir/CMakeCXXCompilerABI.cpp.o]
  ignore line: [/usr/bin/c++      -o CMakeFiles/cmTC_9f152.dir/CMakeCXXCompilerABI.cpp.o -c /usr/share/cmake-3.6/Modules/CMakeCXXCompilerABI.cpp]
  ignore line: [Linking CXX executable cmTC_9f152]
  ignore line: [/usr/bin/cmake -E cmake_link_script CMakeFiles/cmTC_9f152.dir/link.txt --verbose=1]
  ignore line: [/usr/bin/c++       -v CMakeFiles/cmTC_9f152.dir/CMakeCXXCompilerABI.cpp.o  -o cmTC_9f152 -rdynamic  ]
  ignore line: [Using built-in specs.]
  ignore line: [COLLECT_GCC=/usr/bin/c++]
  ignore line: [COLLECT_LTO_WRAPPER=/usr/lib/gcc/x86_64-linux-gnu/6/lto-wrapper]
  ignore line: [Target: x86_64-linux-gnu]
  ignore line: [Configured with: ../src/configure -v --with-pkgversion='Debian 6.3.0-6' --with-bugurl=file:///usr/share/doc/gcc-6/README.Bugs --enable-languages=c,ada,c++,java,go,d,fortran,objc,obj-c++ --prefix=/usr --program-suffix=-6 --program-prefix=x86_64-linux-gnu- --enable-shared --enable-linker-build-id --libexecdir=/usr/lib --without-included-gettext --enable-threads=posix --libdir=/usr/lib --enable-nls --with-sysroot=/ --enable-clocale=gnu --enable-libstdcxx-debug --enable-libstdcxx-time=yes --with-default-libstdcxx-abi=new --enable-gnu-unique-object --disable-vtable-verify --enable-libmpx --enable-plugin --enable-default-pie --with-system-zlib --disable-browser-plugin --enable-java-awt=gtk --enable-gtk-cairo --with-java-home=/usr/lib/jvm/java-1.5.0-gcj-6-amd64/jre --enable-java-home --with-jvm-root-dir=/usr/lib/jvm/java-1.5.0-gcj-6-amd64 --with-jvm-jar-dir=/usr/lib/jvm-exports/java-1.5.0-gcj-6-amd64 --with-arch-directory=amd64 --with-ecj-jar=/usr/share/java/eclipse-ecj.jar --with-target-system-zlib --enable-objc-gc=auto --enable-multiarch --with-arch-32=i686 --with-abi=m64 --with-multilib-list=m32,m64,mx32 --enable-multilib --with-tune=generic --enable-checking=release --build=x86_64-linux-gnu --host=x86_64-linux-gnu --target=x86_64-linux-gnu]
  ignore line: [Thread model: posix]
  ignore line: [gcc version 6.3.0 20170205 (Debian 6.3.0-6) ]
  ignore line: [COMPILER_PATH=/usr/lib/gcc/x86_64-linux-gnu/6/:/usr/lib/gcc/x86_64-linux-gnu/6/:/usr/lib/gcc/x86_64-linux-gnu/:/usr/lib/gcc/x86_64-linux-gnu/6/:/usr/lib/gcc/x86_64-linux-gnu/]
  ignore line: [LIBRARY_PATH=/usr/lib/gcc/x86_64-linux-gnu/6/:/usr/lib/gcc/x86_64-linux-gnu/6/../../../x86_64-linux-gnu/:/usr/lib/gcc/x86_64-linux-gnu/6/../../../../lib/:/lib/x86_64-linux-gnu/:/lib/../lib/:/usr/lib/x86_64-linux-gnu/:/usr/lib/../lib/:/usr/lib/gcc/x86_64-linux-gnu/6/../../../:/lib/:/usr/lib/]
  ignore line: [COLLECT_GCC_OPTIONS='-v' '-o' 'cmTC_9f152' '-rdynamic' '-shared-libgcc' '-mtune=generic' '-march=x86-64']
  link line: [ /usr/lib/gcc/x86_64-linux-gnu/6/collect2 -plugin /usr/lib/gcc/x86_64-linux-gnu/6/liblto_plugin.so -plugin-opt=/usr/lib/gcc/x86_64-linux-gnu/6/lto-wrapper -plugin-opt=-fresolution=/tmp/ccEIjwRH.res -plugin-opt=-pass-through=-lgcc_s -plugin-opt=-pass-through=-lgcc -plugin-opt=-pass-through=-lc -plugin-opt=-pass-through=-lgcc_s -plugin-opt=-pass-through=-lgcc --sysroot=/ --build-id --eh-frame-hdr -m elf_x86_64 --hash-style=gnu -export-dynamic -dynamic-linker /lib64/ld-linux-x86-64.so.2 -pie -o cmTC_9f152 /usr/lib/gcc/x86_64-linux-gnu/6/../../../x86_64-linux-gnu/Scrt1.o /usr/lib/gcc/x86_64-linux-gnu/6/../../../x86_64-linux-gnu/crti.o /usr/lib/gcc/x86_64-linux-gnu/6/crtbeginS.o -L/usr/lib/gcc/x86_64-linux-gnu/6 -L/usr/lib/gcc/x86_64-linux-gnu/6/../../../x86_64-linux-gnu -L/usr/lib/gcc/x86_64-linux-gnu/6/../../../../lib -L/lib/x86_64-linux-gnu -L/lib/../lib -L/usr/lib/x86_64-linux-gnu -L/usr/lib/../lib -L/usr/lib/gcc/x86_64-linux-gnu/6/../../.. CMakeFiles/cmTC_9f152.dir/CMakeCXXCompilerABI.cpp.o -lstdc++ -lm -lgcc_s -lgcc -lc -lgcc_s -lgcc /usr/lib/gcc/x86_64-linux-gnu/6/crtendS.o /usr/lib/gcc/x86_64-linux-gnu/6/../../../x86_64-linux-gnu/crtn.o]
    arg [/usr/lib/gcc/x86_64-linux-gnu/6/collect2] ==> ignore
    arg [-plugin] ==> ignore
    arg [/usr/lib/gcc/x86_64-linux-gnu/6/liblto_plugin.so] ==> ignore
    arg [-plugin-opt=/usr/lib/gcc/x86_64-linux-gnu/6/lto-wrapper] ==> ignore
    arg [-plugin-opt=-fresolution=/tmp/ccEIjwRH.res] ==> ignore
    arg [-plugin-opt=-pass-through=-lgcc_s] ==> ignore
    arg [-plugin-opt=-pass-through=-lgcc] ==> ignore
    arg [-plugin-opt=-pass-through=-lc] ==> ignore
    arg [-plugin-opt=-pass-through=-lgcc_s] ==> ignore
    arg [-plugin-opt=-pass-through=-lgcc] ==> ignore
    arg [--sysroot=/] ==> ignore
    arg [--build-id] ==> ignore
    arg [--eh-frame-hdr] ==> ignore
    arg [-m] ==> ignore
    arg [elf_x86_64] ==> ignore
    arg [--hash-style=gnu] ==> ignore
    arg [-export-dynamic] ==> ignore
    arg [-dynamic-linker] ==> ignore
    arg [/lib64/ld-linux-x86-64.so.2] ==> ignore
    arg [-pie] ==> ignore
    arg [-o] ==> ignore
    arg [cmTC_9f152] ==> ignore
    arg [/usr/lib/gcc/x86_64-linux-gnu/6/../../../x86_64-linux-gnu/Scrt1.o] ==> ignore
    arg [/usr/lib/gcc/x86_64-linux-gnu/6/../../../x86_64-linux-gnu/crti.o] ==> ignore
    arg [/usr/lib/gcc/x86_64-linux-gnu/6/crtbeginS.o] ==> ignore
    arg [-L/usr/lib/gcc/x86_64-linux-gnu/6] ==> dir [/usr/lib/gcc/x86_64-linux-gnu/6]
    arg [-L/usr/lib/gcc/x86_64-linux-gnu/6/../../../x86_64-linux-gnu] ==> dir [/usr/lib/gcc/x86_64-linux-gnu/6/../../../x86_64-linux-gnu]
    arg [-L/usr/lib/gcc/x86_64-linux-gnu/6/../../../../lib] ==> dir [/usr/lib/gcc/x86_64-linux-gnu/6/../../../../lib]
    arg [-L/lib/x86_64-linux-gnu] ==> dir [/lib/x86_64-linux-gnu]
    arg [-L/lib/../lib] ==> dir [/lib/../lib]
    arg [-L/usr/lib/x86_64-linux-gnu] ==> dir [/usr/lib/x86_64-linux-gnu]
    arg [-L/usr/lib/../lib] ==> dir [/usr/lib/../lib]
    arg [-L/usr/lib/gcc/x86_64-linux-gnu/6/../../..] ==> dir [/usr/lib/gcc/x86_64-linux-gnu/6/../../..]
    arg [CMakeFiles/cmTC_9f152.dir/CMakeCXXCompilerABI.cpp.o] ==> ignore
    arg [-lstdc++] ==> lib [stdc++]
    arg [-lm] ==> lib [m]
    arg [-lgcc_s] ==> lib [gcc_s]
    arg [-lgcc] ==> lib [gcc]
    arg [-lc] ==> lib [c]
    arg [-lgcc_s] ==> lib [gcc_s]
    arg [-lgcc] ==> lib [gcc]
    arg [/usr/lib/gcc/x86_64-linux-gnu/6/crtendS.o] ==> ignore
    arg [/usr/lib/gcc/x86_64-linux-gnu/6/../../../x86_64-linux-gnu/crtn.o] ==> ignore
  remove lib [gcc_s]
  remove lib [gcc]
  remove lib [gcc_s]
  remove lib [gcc]
  collapse library dir [/usr/lib/gcc/x86_64-linux-gnu/6] ==> [/usr/lib/gcc/x86_64-linux-gnu/6]
  collapse library dir [/usr/lib/gcc/x86_64-linux-gnu/6/../../../x86_64-linux-gnu] ==> [/usr/lib/x86_64-linux-gnu]
  collapse library dir [/usr/lib/gcc/x86_64-linux-gnu/6/../../../../lib] ==> [/usr/lib]
  collapse library dir [/lib/x86_64-linux-gnu] ==> [/lib/x86_64-linux-gnu]
  collapse library dir [/lib/../lib] ==> [/lib]
  collapse library dir [/usr/lib/x86_64-linux-gnu] ==> [/usr/lib/x86_64-linux-gnu]
  collapse library dir [/usr/lib/../lib] ==> [/usr/lib]
  collapse library dir [/usr/lib/gcc/x86_64-linux-gnu/6/../../..] ==> [/usr/lib]
  implicit libs: [stdc++;m;c]
  implicit dirs: [/usr/lib/gcc/x86_64-linux-gnu/6;/usr/lib/x86_64-linux-gnu;/usr/lib;/lib/x86_64-linux-gnu;/lib]
  implicit fwks: []




Detecting CXX [-std=c++14] compiler features compiled with the following output:
Change Dir: /home/anithagenilos/Λήψεις/ph/warplda-master/release/CMakeFiles/CMakeTmp

Run Build Command:"/usr/bin/make" "cmTC_48b97/fast"
/usr/bin/make -f CMakeFiles/cmTC_48b97.dir/build.make CMakeFiles/cmTC_48b97.dir/build
make[1]: Entering directory '/home/anithagenilos/Λήψεις/ph/warplda-master/release/CMakeFiles/CMakeTmp'
Building CXX object CMakeFiles/cmTC_48b97.dir/feature_tests.cxx.o
/usr/bin/c++     -std=c++14 -o CMakeFiles/cmTC_48b97.dir/feature_tests.cxx.o -c /home/anithagenilos/Λήψεις/ph/warplda-master/release/CMakeFiles/feature_tests.cxx
Linking CXX executable cmTC_48b97
/usr/bin/cmake -E cmake_link_script CMakeFiles/cmTC_48b97.dir/link.txt --verbose=1
/usr/bin/c++        CMakeFiles/cmTC_48b97.dir/feature_tests.cxx.o  -o cmTC_48b97 -rdynamic 
make[1]: Leaving directory '/home/anithagenilos/Λήψεις/ph/warplda-master/release/CMakeFiles/CMakeTmp'


    Feature record: CXX_FEATURE:1cxx_aggregate_default_initializers
    Feature record: CXX_FEATURE:1cxx_alias_templates
    Feature record: CXX_FEATURE:1cxx_alignas
    Feature record: CXX_FEATURE:1cxx_alignof
    Feature record: CXX_FEATURE:1cxx_attributes
    Feature record: CXX_FEATURE:1cxx_attribute_deprecated
    Feature record: CXX_FEATURE:1cxx_auto_type
    Feature record: CXX_FEATURE:1cxx_binary_literals
    Feature record: CXX_FEATURE:1cxx_constexpr
    Feature record: CXX_FEATURE:1cxx_contextual_conversions
    Feature record: CXX_FEATURE:1cxx_decltype
    Feature record: CXX_FEATURE:1cxx_decltype_auto
    Feature record: CXX_FEATURE:1cxx_decltype_incomplete_return_types
    Feature record: CXX_FEATURE:1cxx_default_function_template_args
    Feature record: CXX_FEATURE:1cxx_defaulted_functions
    Feature record: CXX_FEATURE:1cxx_defaulted_move_initializers
    Feature record: CXX_FEATURE:1cxx_delegating_constructors
    Feature record: CXX_FEATURE:1cxx_deleted_functions
    Feature record: CXX_FEATURE:1cxx_digit_separators
    Feature record: CXX_FEATURE:1cxx_enum_forward_declarations
    Feature record: CXX_FEATURE:1cxx_explicit_conversions
    Feature record: CXX_FEATURE:1cxx_extended_friend_declarations
    Feature record: CXX_FEATURE:1cxx_extern_templates
    Feature record: CXX_FEATURE:1cxx_final
    Feature record: CXX_FEATURE:1cxx_func_identifier
    Feature record: CXX_FEATURE:1cxx_generalized_initializers
    Feature record: CXX_FEATURE:1cxx_generic_lambdas
    Feature record: CXX_FEATURE:1cxx_inheriting_constructors
    Feature record: CXX_FEATURE:1cxx_inline_namespaces
    Feature record: CXX_FEATURE:1cxx_lambdas
    Feature record: CXX_FEATURE:1cxx_lambda_init_captures
    Feature record: CXX_FEATURE:1cxx_local_type_template_args
    Feature record: CXX_FEATURE:1cxx_long_long_type
    Feature record: CXX_FEATURE:1cxx_noexcept
    Feature record: CXX_FEATURE:1cxx_nonstatic_member_init
    Feature record: CXX_FEATURE:1cxx_nullptr
    Feature record: CXX_FEATURE:1cxx_override
    Feature record: CXX_FEATURE:1cxx_range_for
    Feature record: CXX_FEATURE:1cxx_raw_string_literals
    Feature record: CXX_FEATURE:1cxx_reference_qualified_functions
    Feature record: CXX_FEATURE:1cxx_relaxed_constexpr
    Feature record: CXX_FEATURE:1cxx_return_type_deduction
    Feature record: CXX_FEATURE:1cxx_right_angle_brackets
    Feature record: CXX_FEATURE:1cxx_rvalue_references
    Feature record: CXX_FEATURE:1cxx_sizeof_member
    Feature record: CXX_FEATURE:1cxx_static_assert
    Feature record: CXX_FEATURE:1cxx_strong_enums
    Feature record: CXX_FEATURE:1cxx_template_template_parameters
    Feature record: CXX_FEATURE:1cxx_thread_local
    Feature record: CXX_FEATURE:1cxx_trailing_return_types
    Feature record: CXX_FEATURE:1cxx_unicode_literals
    Feature record: CXX_FEATURE:1cxx_uniform_initialization
    Feature record: CXX_FEATURE:1cxx_unrestricted_unions
    Feature record: CXX_FEATURE:1cxx_user_literals
    Feature record: CXX_FEATURE:1cxx_variable_templates
    Feature record: CXX_FEATURE:1cxx_variadic_macros
    Feature record: CXX_FEATURE:1cxx_variadic_templates


Detecting CXX [-std=c++11] compiler features compiled with the following output:
Change Dir: /home/anithagenilos/Λήψεις/ph/warplda-master/release/CMakeFiles/CMakeTmp

Run Build Command:"/usr/bin/make" "cmTC_848b5/fast"
/usr/bin/make -f CMakeFiles/cmTC_848b5.dir/build.make CMakeFiles/cmTC_848b5.dir/build
make[1]: Entering directory '/home/anithagenilos/Λήψεις/ph/warplda-master/release/CMakeFiles/CMakeTmp'
Building CXX object CMakeFiles/cmTC_848b5.dir/feature_tests.cxx.o
/usr/bin/c++     -std=c++11 -o CMakeFiles/cmTC_848b5.dir/feature_tests.cxx.o -c /home/anithagenilos/Λήψεις/ph/warplda-master/release/CMakeFiles/feature_tests.cxx
Linking CXX executable cmTC_848b5
/usr/bin/cmake -E cmake_link_script CMakeFiles/cmTC_848b5.dir/link.txt --verbose=1
/usr/bin/c++        CMakeFiles/cmTC_848b5.dir/feature_tests.cxx.o  -o cmTC_848b5 -rdynamic 
make[1]: Leaving directory '/home/anithagenilos/Λήψεις/ph/warplda-master/release/CMakeFiles/CMakeTmp'


    Feature record: CXX_FEATURE:0cxx_aggregate_default_initializers
    Feature record: CXX_FEATURE:1cxx_alias_templates
    Feature record: CXX_FEATURE:1cxx_alignas
    Feature record: CXX_FEATURE:1cxx_alignof
    Feature record: CXX_FEATURE:1cxx_attributes
    Feature record: CXX_FEATURE:0cxx_attribute_deprecated
    Feature record: CXX_FEATURE:1cxx_auto_type
    Feature record: CXX_FEATURE:0cxx_binary_literals
    Feature record: CXX_FEATURE:1cxx_constexpr
    Feature record: CXX_FEATURE:0cxx_contextual_conversions
    Feature record: CXX_FEATURE:1cxx_decltype
    Feature record: CXX_FEATURE:0cxx_decltype_auto
    Feature record: CXX_FEATURE:1cxx_decltype_incomplete_return_types
    Feature record: CXX_FEATURE:1cxx_default_function_template_args
    Feature record: CXX_FEATURE:1cxx_defaulted_functions
    Feature record: CXX_FEATURE:1cxx_defaulted_move_initializers
    Feature record: CXX_FEATURE:1cxx_delegating_constructors
    Feature record: CXX_FEATURE:1cxx_deleted_functions
    Feature record: CXX_FEATURE:0cxx_digit_separators
    Feature record: CXX_FEATURE:1cxx_enum_forward_declarations
    Feature record: CXX_FEATURE:1cxx_explicit_conversions
    Feature record: CXX_FEATURE:1cxx_extended_friend_declarations
    Feature record: CXX_FEATURE:1cxx_extern_templates
    Feature record: CXX_FEATURE:1cxx_final
    Feature record: CXX_FEATURE:1cxx_func_identifier
    Feature record: CXX_FEATURE:1cxx_generalized_initializers
    Feature record: CXX_FEATURE:0cxx_generic_lambdas
    Feature record: CXX_FEATURE:1cxx_inheriting_constructors
    Feature record: CXX_FEATURE:1cxx_inline_namespaces
    Feature record: CXX_FEATURE:1cxx_lambdas
    Feature record: CXX_FEATURE:0cxx_lambda_init_captures
    Feature record: CXX_FEATURE:1cxx_local_type_template_args
    Feature record: CXX_FEATURE:1cxx_long_long_type
    Feature record: CXX_FEATURE:1cxx_noexcept
    Feature record: CXX_FEATURE:1cxx_nonstatic_member_init
    Feature record: CXX_FEATURE:1cxx_nullptr
    Feature record: CXX_FEATURE:1cxx_override
    Feature record: CXX_FEATURE:1cxx_range_for
    Feature record: CXX_FEATURE:1cxx_raw_string_literals
    Feature record: CXX_FEATURE:1cxx_reference_qualified_functions
    Feature record: CXX_FEATURE:0cxx_relaxed_constexpr
    Feature record: CXX_FEATURE:0cxx_return_type_deduction
    Feature record: CXX_FEATURE:1cxx_right_angle_brackets
    Feature record: CXX_FEATURE:1cxx_rvalue_references
    Feature record: CXX_FEATURE:1cxx_sizeof_member
    Feature record: CXX_FEATURE:1cxx_static_assert
    Feature record: CXX_FEATURE:1cxx_strong_enums
    Feature record: CXX_FEATURE:1cxx_template_template_parameters
    Feature record: CXX_FEATURE:1cxx_thread_local
    Feature record: CXX_FEATURE:1cxx_trailing_return_types
    Feature record: CXX_FEATURE:1cxx_unicode_literals
    Feature record: CXX_FEATURE:1cxx_uniform_initialization
    Feature record: CXX_FEATURE:1cxx_unrestricted_unions
    Feature record: CXX_FEATURE:1cxx_user_literals
    Feature record: CXX_FEATURE:0cxx_variable_templates
    Feature record: CXX_FEATURE:1cxx_variadic_macros
    Feature record: CXX_FEATURE:1cxx_variadic_templates


Detecting CXX [-std=c++98] compiler features compiled with the following output:
Change Dir: /home/anithagenilos/Λήψεις/ph/warplda-master/release/CMakeFiles/CMakeTmp

Run Build Command:"/usr/bin/make" "cmTC_6eb29/fast"
/usr/bin/make -f CMakeFiles/cmTC_6eb29.dir/build.make CMakeFiles/cmTC_6eb29.dir/build
make[1]: Entering directory '/home/anithagenilos/Λήψεις/ph/warplda-master/release/CMakeFiles/CMakeTmp'
Building CXX object CMakeFiles/cmTC_6eb29.dir/feature_tests.cxx.o
/usr/bin/c++     -std=c++98 -o CMakeFiles/cmTC_6eb29.dir/feature_tests.cxx.o -c /home/anithagenilos/Λήψεις/ph/warplda-master/release/CMakeFiles/feature_tests.cxx
Linking CXX executable cmTC_6eb29
/usr/bin/cmake -E cmake_link_script CMakeFiles/cmTC_6eb29.dir/link.txt --verbose=1
/usr/bin/c++        CMakeFiles/cmTC_6eb29.dir/feature_tests.cxx.o  -o cmTC_6eb29 -rdynamic 
make[1]: Leaving directory '/home/anithagenilos/Λήψεις/ph/warplda-master/release/CMakeFiles/CMakeTmp'


    Feature record: CXX_FEATURE:0cxx_aggregate_default_initializers
    Feature record: CXX_FEATURE:0cxx_alias_templates
    Feature record: CXX_FEATURE:0cxx_alignas
    Feature record: CXX_FEATURE:0cxx_alignof
    Feature record: CXX_FEATURE:0cxx_attributes
    Feature record: CXX_FEATURE:0cxx_attribute_deprecated
    Feature record: CXX_FEATURE:0cxx_auto_type
    Feature record: CXX_FEATURE:0cxx_binary_literals
    Feature record: CXX_FEATURE:0cxx_constexpr
    Feature record: CXX_FEATURE:0cxx_contextual_conversions
    Feature record: CXX_FEATURE:0cxx_decltype
    Feature record: CXX_FEATURE:0cxx_decltype_auto
    Feature record: CXX_FEATURE:0cxx_decltype_incomplete_return_types
    Feature record: CXX_FEATURE:0cxx_default_function_template_args
    Feature record: CXX_FEATURE:0cxx_defaulted_functions
    Feature record: CXX_FEATURE:0cxx_defaulted_move_initializers
    Feature record: CXX_FEATURE:0cxx_delegating_constructors
    Feature record: CXX_FEATURE:0cxx_deleted_functions
    Feature record: CXX_FEATURE:0cxx_digit_separators
    Feature record: CXX_FEATURE:0cxx_enum_forward_declarations
    Feature record: CXX_FEATURE:0cxx_explicit_conversions
    Feature record: CXX_FEATURE:0cxx_extended_friend_declarations
    Feature record: CXX_FEATURE:0cxx_extern_templates
    Feature record: CXX_FEATURE:0cxx_final
    Feature record: CXX_FEATURE:0cxx_func_identifier
    Feature record: CXX_FEATURE:0cxx_generalized_initializers
    Feature record: CXX_FEATURE:0cxx_generic_lambdas
    Feature record: CXX_FEATURE:0cxx_inheriting_constructors
    Feature record: CXX_FEATURE:0cxx_inline_namespaces
    Feature record: CXX_FEATURE:0cxx_lambdas
    Feature record: CXX_FEATURE:0cxx_lambda_init_captures
    Feature record: CXX_FEATURE:0cxx_local_type_template_args
    Feature record: CXX_FEATURE:0cxx_long_long_type
    Feature record: CXX_FEATURE:0cxx_noexcept
    Feature record: CXX_FEATURE:0cxx_nonstatic_member_init
    Feature record: CXX_FEATURE:0cxx_nullptr
    Feature record: CXX_FEATURE:0cxx_override
    Feature record: CXX_FEATURE:0cxx_range_for
    Feature record: CXX_FEATURE:0cxx_raw_string_literals
    Feature record: CXX_FEATURE:0cxx_reference_qualified_functions
    Feature record: CXX_FEATURE:0cxx_relaxed_constexpr
    Feature record: CXX_FEATURE:0cxx_return_type_deduction
    Feature record: CXX_FEATURE:0cxx_right_angle_brackets
    Feature record: CXX_FEATURE:0cxx_rvalue_references
    Feature record: CXX_FEATURE:0cxx_sizeof_member
    Feature record: CXX_FEATURE:0cxx_static_assert
    Feature record: CXX_FEATURE:0cxx_strong_enums
    Feature record: CXX_FEATURE:1cxx_template_template_parameters
    Feature record: CXX_FEATURE:0cxx_thread_local
    Feature record: CXX_FEATURE:0cxx_trailing_return_types
    Feature record: CXX_FEATURE:0cxx_unicode_literals
    Feature record: CXX_FEATURE:0cxx_uniform_initialization
    Feature record: CXX_FEATURE:0cxx_unrestricted_unions
    Feature record: CXX_FEATURE:0cxx_user_literals
    Feature record: CXX_FEATURE:0cxx_variable_templates
    Feature record: CXX_FEATURE:0cxx_variadic_macros
    Feature record: CXX_FEATURE:0cxx_variadic_templates
Performing C SOURCE FILE Test OpenMP_FLAG_DETECTED succeeded with the following output:
Change Dir: /home/anithagenilos/Λήψεις/ph/warplda-master/release/CMakeFiles/CMakeTmp

Run Build Command:"/usr/bin/make" "cmTC_53360/fast"
/usr/bin/make -f CMakeFiles/cmTC_53360.dir/build.make CMakeFiles/cmTC_53360.dir/build
make[1]: Entering directory '/home/anithagenilos/Λήψεις/ph/warplda-master/release/CMakeFiles/CMakeTmp'
Building C object CMakeFiles/cmTC_53360.dir/src.c.o
/usr/bin/cc    -DOpenMP_FLAG_DETECTED -fopenmp   -o CMakeFiles/cmTC_53360.dir/src.c.o   -c /home/anithagenilos/Λήψεις/ph/warplda-master/release/CMakeFiles/CMakeTmp/src.c
Linking C executable cmTC_53360
/usr/bin/cmake -E cmake_link_script CMakeFiles/cmTC_53360.dir/link.txt --verbose=1
/usr/bin/cc   -DOpenMP_FLAG_DETECTED -fopenmp    CMakeFiles/cmTC_53360.dir/src.c.o  -o cmTC_53360 -rdynamic 
make[1]: Leaving directory '/home/anithagenilos/Λήψεις/ph/warplda-master/release/CMakeFiles/CMakeTmp'

Source file was:

#include <omp.h>
int main() {
#ifdef _OPENMP
  return 0;
#else
  breaks_on_purpose
#endif
}

Performing C++ SOURCE FILE Test OpenMP_FLAG_DETECTED succeeded with the following output:
Change Dir: /home/anithagenilos/Λήψεις/ph/warplda-master/release/CMakeFiles/CMakeTmp

Run Build Command:"/usr/bin/make" "cmTC_ac829/fast"
/usr/bin/make -f CMakeFiles/cmTC_ac829.dir/build.make CMakeFiles/cmTC_ac829.dir/build
make[1]: Entering directory '/home/anithagenilos/Λήψεις/ph/warplda-master/release/CMakeFiles/CMakeTmp'
Building CXX object CMakeFiles/cmTC_ac829.dir/src.cxx.o
/usr/bin/c++     -march=native -std=c++1y -Wall -g  -DOpenMP_FLAG_DETECTED -fopenmp   -o CMakeFiles/cmTC_ac829.dir/src.cxx.o -c /home/anithagenilos/Λήψεις/ph/warplda-master/release/CMakeFiles/CMakeTmp/src.cxx
Linking CXX executable cmTC_ac829
/usr/bin/cmake -E cmake_link_script CMakeFiles/cmTC_ac829.dir/link.txt --verbose=1
/usr/bin/c++   -march=native -std=c++1y -Wall -g  -DOpenMP_FLAG_DETECTED -fopenmp    CMakeFiles/cmTC_ac829.dir/src.cxx.o  -o cmTC_ac829 -rdynamic 
make[1]: Leaving directory '/home/anithagenilos/Λήψεις/ph/warplda-master/release/CMakeFiles/CMakeTmp'

Source file was:

#include <omp.h>
int main() {
#ifdef _OPENMP
  return 0;
#else
  breaks_on_purpose
#endif
}

The system is: Linux - 4.6.0-1-amd64 - x86_64
Compiling the C compiler identification source file "CMakeCCompilerId.c" succeeded.
Compiler: /usr/bin/cc 
Build flags: 
Id flags: 

The output was:
0


Compilation of the C compiler identification source "CMakeCCompilerId.c" produced "a.out"

The C compiler identification is GNU, found in "/home/anithagenilos/Λήψεις/ph/warplda-master/release/CMakeFiles/3.7.2/CompilerIdC/a.out"

Compiling the CXX compiler identification source file "CMakeCXXCompilerId.cpp" succeeded.
Compiler: /usr/bin/c++ 
Build flags: 
Id flags: 

The output was:
0


Compilation of the CXX compiler identification source "CMakeCXXCompilerId.cpp" produced "a.out"

The CXX compiler identification is GNU, found in "/home/anithagenilos/Λήψεις/ph/warplda-master/release/CMakeFiles/3.7.2/CompilerIdCXX/a.out"

Determining if the C compiler works passed with the following output:
Change Dir: /home/anithagenilos/Λήψεις/ph/warplda-master/release/CMakeFiles/CMakeTmp

Run Build Command:"/usr/bin/make" "cmTC_07973/fast"
/usr/bin/make -f CMakeFiles/cmTC_07973.dir/build.make CMakeFiles/cmTC_07973.dir/build
make[1]: Entering directory '/home/anithagenilos/Λήψεις/ph/warplda-master/release/CMakeFiles/CMakeTmp'
Building C object CMakeFiles/cmTC_07973.dir/testCCompiler.c.o
/usr/bin/cc     -o CMakeFiles/cmTC_07973.dir/testCCompiler.c.o   -c /home/anithagenilos/Λήψεις/ph/warplda-master/release/CMakeFiles/CMakeTmp/testCCompiler.c
Linking C executable cmTC_07973
/usr/bin/cmake -E cmake_link_script CMakeFiles/cmTC_07973.dir/link.txt --verbose=1
/usr/bin/cc       CMakeFiles/cmTC_07973.dir/testCCompiler.c.o  -o cmTC_07973 -rdynamic 
make[1]: Leaving directory '/home/anithagenilos/Λήψεις/ph/warplda-master/release/CMakeFiles/CMakeTmp'


Detecting C compiler ABI info compiled with the following output:
Change Dir: /home/anithagenilos/Λήψεις/ph/warplda-master/release/CMakeFiles/CMakeTmp

Run Build Command:"/usr/bin/make" "cmTC_a6eed/fast"
/usr/bin/make -f CMakeFiles/cmTC_a6eed.dir/build.make CMakeFiles/cmTC_a6eed.dir/build
make[1]: Entering directory '/home/anithagenilos/Λήψεις/ph/warplda-master/release/CMakeFiles/CMakeTmp'
Building C object CMakeFiles/cmTC_a6eed.dir/CMakeCCompilerABI.c.o
/usr/bin/cc     -o CMakeFiles/cmTC_a6eed.dir/CMakeCCompilerABI.c.o   -c /usr/share/cmake-3.7/Modules/CMakeCCompilerABI.c
Linking C executable cmTC_a6eed
/usr/bin/cmake -E cmake_link_script CMakeFiles/cmTC_a6eed.dir/link.txt --verbose=1
/usr/bin/cc      -v CMakeFiles/cmTC_a6eed.dir/CMakeCCompilerABI.c.o  -o cmTC_a6eed -rdynamic  
Using built-in specs.
COLLECT_GCC=/usr/bin/cc
COLLECT_LTO_WRAPPER=/usr/lib/gcc/x86_64-linux-gnu/6/lto-wrapper
Target: x86_64-linux-gnu
Configured with: ../src/configure -v --with-pkgversion='Debian 6.3.0-6' --with-bugurl=file:///usr/share/doc/gcc-6/README.Bugs --enable-languages=c,ada,c++,java,go,d,fortran,objc,obj-c++ --prefix=/usr --program-suffix=-6 --program-prefix=x86_64-linux-gnu- --enable-shared --enable-linker-build-id --libexecdir=/usr/lib --without-included-gettext --enable-threads=posix --libdir=/usr/lib --enable-nls --with-sysroot=/ --enable-clocale=gnu --enable-libstdcxx-debug --enable-libstdcxx-time=yes --with-default-libstdcxx-abi=new --enable-gnu-unique-object --disable-vtable-verify --enable-libmpx --enable-plugin --enable-default-pie --with-system-zlib --disable-browser-plugin --enable-java-awt=gtk --enable-gtk-cairo --with-java-home=/usr/lib/jvm/java-1.5.0-gcj-6-amd64/jre --enable-java-home --with-jvm-root-dir=/usr/lib/jvm/java-1.5.0-gcj-6-amd64 --with-jvm-jar-dir=/usr/lib/jvm-exports/java-1.5.0-gcj-6-amd64 --with-arch-directory=amd64 --with-ecj-jar=/usr/share/java/eclipse-ecj.jar --with-target-system-zlib --enable-objc-gc=auto --enable-multiarch --with-arch-32=i686 --with-abi=m64 --with-multilib-list=m32,m64,mx32 --enable-multilib --with-tune=generic --enable-checking=release --build=x86_64-linux-gnu --host=x86_64-linux-gnu --target=x86_64-linux-gnu
Thread model: posix
gcc version 6.3.0 20170205 (Debian 6.3.0-6) 
COMPILER_PATH=/usr/lib/gcc/x86_64-linux-gnu/6/:/usr/lib/gcc/x86_64-linux-gnu/6/:/usr/lib/gcc/x86_64-linux-gnu/:/usr/lib/gcc/x86_64-linux-gnu/6/:/usr/lib/gcc/x86_64-linux-gnu/
LIBRARY_PATH=/usr/lib/gcc/x86_64-linux-gnu/6/:/usr/lib/gcc/x86_64-linux-gnu/6/../../../x86_64-linux-gnu/:/usr/lib/gcc/x86_64-linux-gnu/6/../../../../lib/:/lib/x86_64-linux-gnu/:/lib/../lib/:/usr/lib/x86_64-linux-gnu/:/usr/lib/../lib/:/usr/lib/gcc/x86_64-linux-gnu/6/../../../:/lib/:/usr/lib/
COLLECT_GCC_OPTIONS='-v' '-o' 'cmTC_a6eed' '-rdynamic' '-mtune=generic' '-march=x86-64'
 /usr/lib/gcc/x86_64-linux-gnu/6/collect2 -plugin /usr/lib/gcc/x86_64-linux-gnu/6/liblto_plugin.so -plugin-opt=/usr/lib/gcc/x86_64-linux-gnu/6/lto-wrapper -plugin-opt=-fresolution=/tmp/cctfEzBM.res -plugin-opt=-pass-through=-lgcc -plugin-opt=-pass-through=-lgcc_s -plugin-opt=-pass-through=-lc -plugin-opt=-pass-through=-lgcc -plugin-opt=-pass-through=-lgcc_s --sysroot=/ --build-id --eh-frame-hdr -m elf_x86_64 --hash-style=gnu -export-dynamic -dynamic-linker /lib64/ld-linux-x86-64.so.2 -pie -o cmTC_a6eed /usr/lib/gcc/x86_64-linux-gnu/6/../../../x86_64-linux-gnu/Scrt1.o /usr/lib/gcc/x86_64-linux-gnu/6/../../../x86_64-linux-gnu/crti.o /usr/lib/gcc/x86_64-linux-gnu/6/crtbeginS.o -L/usr/lib/gcc/x86_64-linux-gnu/6 -L/usr/lib/gcc/x86_64-linux-gnu/6/../../../x86_64-linux-gnu -L/usr/lib/gcc/x86_64-linux-gnu/6/../../../../lib -L/lib/x86_64-linux-gnu -L/lib/../lib -L/usr/lib/x86_64-linux-gnu -L/usr/lib/../lib -L/usr/lib/gcc/x86_64-linux-gnu/6/../../.. CMakeFiles/cmTC_a6eed.dir/CMakeCCompilerABI.c.o -lgcc --as-needed -lgcc_s --no-as-needed -lc -lgcc --as-needed -lgcc_s --no-as-needed /usr/lib/gcc/x86_64-linux-gnu/6/crtendS.o /usr/lib/gcc/x86_64-linux-gnu/6/../../../x86_64-linux-gnu/crtn.o
COLLECT_GCC_OPTIONS='-v' '-o' 'cmTC_a6eed' '-rdynamic' '-mtune=generic' '-march=x86-64'
make[1]: Leaving directory '/home/anithagenilos/Λήψεις/ph/warplda-master/release/CMakeFiles/CMakeTmp'


Parsed C implicit link information from above output:
  link line regex: [^( *|.*[/\])(ld|([^/\]+-)?ld|collect2)[^/\]*( |$)]
  ignore line: [Change Dir: /home/anithagenilos/Λήψεις/ph/warplda-master/release/CMakeFiles/CMakeTmp]
  ignore line: []
  ignore line: [Run Build Command:"/usr/bin/make" "cmTC_a6eed/fast"]
  ignore line: [/usr/bin/make -f CMakeFiles/cmTC_a6eed.dir/build.make CMakeFiles/cmTC_a6eed.dir/build]
  ignore line: [make[1]: Entering directory '/home/anithagenilos/Λήψεις/ph/warplda-master/release/CMakeFiles/CMakeTmp']
  ignore line: [Building C object CMakeFiles/cmTC_a6eed.dir/CMakeCCompilerABI.c.o]
  ignore line: [/usr/bin/cc     -o CMakeFiles/cmTC_a6eed.dir/CMakeCCompilerABI.c.o   -c /usr/share/cmake-3.7/Modules/CMakeCCompilerABI.c]
  ignore line: [Linking C executable cmTC_a6eed]
  ignore line: [/usr/bin/cmake -E cmake_link_script CMakeFiles/cmTC_a6eed.dir/link.txt --verbose=1]
  ignore line: [/usr/bin/cc      -v CMakeFiles/cmTC_a6eed.dir/CMakeCCompilerABI.c.o  -o cmTC_a6eed -rdynamic  ]
  ignore line: [Using built-in specs.]
  ignore line: [COLLECT_GCC=/usr/bin/cc]
  ignore line: [COLLECT_LTO_WRAPPER=/usr/lib/gcc/x86_64-linux-gnu/6/lto-wrapper]
  ignore line: [Target: x86_64-linux-gnu]
  ignore line: [Configured with: ../src/configure -v --with-pkgversion='Debian 6.3.0-6' --with-bugurl=file:///usr/share/doc/gcc-6/README.Bugs --enable-languages=c,ada,c++,java,go,d,fortran,objc,obj-c++ --prefix=/usr --program-suffix=-6 --program-prefix=x86_64-linux-gnu- --enable-shared --enable-linker-build-id --libexecdir=/usr/lib --without-included-gettext --enable-threads=posix --libdir=/usr/lib --enable-nls --with-sysroot=/ --enable-clocale=gnu --enable-libstdcxx-debug --enable-libstdcxx-time=yes --with-default-libstdcxx-abi=new --enable-gnu-unique-object --disable-vtable-verify --enable-libmpx --enable-plugin --enable-default-pie --with-system-zlib --disable-browser-plugin --enable-java-awt=gtk --enable-gtk-cairo --with-java-home=/usr/lib/jvm/java-1.5.0-gcj-6-amd64/jre --enable-java-home --with-jvm-root-dir=/usr/lib/jvm/java-1.5.0-gcj-6-amd64 --with-jvm-jar-dir=/usr/lib/jvm-exports/java-1.5.0-gcj-6-amd64 --with-arch-directory=amd64 --with-ecj-jar=/usr/share/java/eclipse-ecj.jar --with-target-system-zlib --enable-objc-gc=auto --enable-multiarch --with-arch-32=i686 --with-abi=m64 --with-multilib-list=m32,m64,mx32 --enable-multilib --with-tune=generic --enable-checking=release --build=x86_64-linux-gnu --host=x86_64-linux-gnu --target=x86_64-linux-gnu]
  ignore line: [Thread model: posix]
  ignore line: [gcc version 6.3.0 20170205 (Debian 6.3.0-6) ]
  ignore line: [COMPILER_PATH=/usr/lib/gcc/x86_64-linux-gnu/6/:/usr/lib/gcc/x86_64-linux-gnu/6/:/usr/lib/gcc/x86_64-linux-gnu/:/usr/lib/gcc/x86_64-linux-gnu/6/:/usr/lib/gcc/x86_64-linux-gnu/]
  ignore line: [LIBRARY_PATH=/usr/lib/gcc/x86_64-linux-gnu/6/:/usr/lib/gcc/x86_64-linux-gnu/6/../../../x86_64-linux-gnu/:/usr/lib/gcc/x86_64-linux-gnu/6/../../../../lib/:/lib/x86_64-linux-gnu/:/lib/../lib/:/usr/lib/x86_64-linux-gnu/:/usr/lib/../lib/:/usr/lib/gcc/x86_64-linux-gnu/6/../../../:/lib/:/usr/lib/]
  ignore line: [COLLECT_GCC_OPTIONS='-v' '-o' 'cmTC_a6eed' '-rdynamic' '-mtune=generic' '-march=x86-64']
  link line: [ /usr/lib/gcc/x86_64-linux-gnu/6/collect2 -plugin /usr/lib/gcc/x86_64-linux-gnu/6/liblto_plugin.so -plugin-opt=/usr/lib/gcc/x86_64-linux-gnu/6/lto-wrapper -plugin-opt=-fresolution=/tmp/cctfEzBM.res -plugin-opt=-pass-through=-lgcc -plugin-opt=-pass-through=-lgcc_s -plugin-opt=-pass-through=-lc -plugin-opt=-pass-through=-lgcc -plugin-opt=-pass-through=-lgcc_s --sysroot=/ --build-id --eh-frame-hdr -m elf_x86_64 --hash-style=gnu -export-dynamic -dynamic-linker /lib64/ld-linux-x86-64.so.2 -pie -o cmTC_a6eed /usr/lib/gcc/x86_64-linux-gnu/6/../../../x86_64-linux-gnu/Scrt1.o /usr/lib/gcc/x86_64-linux-gnu/6/../../../x86_64-linux-gnu/crti.o /usr/lib/gcc/x86_64-linux-gnu/6/crtbeginS.o -L/usr/lib/gcc/x86_64-linux-gnu/6 -L/usr/lib/gcc/x86_64-linux-gnu/6/../../../x86_64-linux-gnu -L/usr/lib/gcc/x86_64-linux-gnu/6/../../../../lib -L/lib/x86_64-linux-gnu -L/lib/../lib -L/usr/lib/x86_64-linux-gnu -L/usr/lib/../lib -L/usr/lib/gcc/x86_64-linux-gnu/6/../../.. CMakeFiles/cmTC_a6eed.dir/CMakeCCompilerABI.c.o -lgcc --as-needed -lgcc_s --no-as-needed -lc -lgcc --as-needed -lgcc_s --no-as-needed /usr/lib/gcc/x86_64-linux-gnu/6/crtendS.o /usr/lib/gcc/x86_64-linux-gnu/6/../../../x86_64-linux-gnu/crtn.o]
    arg [/usr/lib/gcc/x86_64-linux-gnu/6/collect2] ==> ignore
    arg [-plugin] ==> ignore
    arg [/usr/lib/gcc/x86_64-linux-gnu/6/liblto_plugin.so] ==> ignore
    arg [-plugin-opt=/usr/lib/gcc/x86_64-linux-gnu/6/lto-wrapper] ==> ignore
    arg [-plugin-opt=-fresolution=/tmp/cctfEzBM.res] ==> ignore
    arg [-plugin-opt=-pass-through=-lgcc] ==> ignore
    arg [-plugin-opt=-pass-through=-lgcc_s] ==> ignore
    arg [-plugin-opt=-pass-through=-lc] ==> ignore
    arg [-plugin-opt=-pass-through=-lgcc] ==> ignore
    arg [-plugin-opt=-pass-through=-lgcc_s] ==> ignore
    arg [--sysroot=/] ==> ignore
    arg [--build-id] ==> ignore
    arg [--eh-frame-hdr] ==> ignore
    arg [-m] ==> ignore
    arg [elf_x86_64] ==> ignore
    arg [--hash-style=gnu] ==> ignore
    arg [-export-dynamic] ==> ignore
    arg [-dynamic-linker] ==> ignore
    arg [/lib64/ld-linux-x86-64.so.2] ==> ignore
    arg [-pie] ==> ignore
    arg [-o] ==> ignore
    arg [cmTC_a6eed] ==> ignore
    arg [/usr/lib/gcc/x86_64-linux-gnu/6/../../../x86_64-linux-gnu/Scrt1.o] ==> ignore
    arg [/usr/lib/gcc/x86_64-linux-gnu/6/../../../x86_64-linux-gnu/crti.o] ==> ignore
    arg [/usr/lib/gcc/x86_64-linux-gnu/6/crtbeginS.o] ==> ignore
    arg [-L/usr/lib/gcc/x86_64-linux-gnu/6] ==> dir [/usr/lib/gcc/x86_64-linux-gnu/6]
    arg [-L/usr/lib/gcc/x86_64-linux-gnu/6/../../../x86_64-linux-gnu] ==> dir [/usr/lib/gcc/x86_64-linux-gnu/6/../../../x86_64-linux-gnu]
    arg [-L/usr/lib/gcc/x86_64-linux-gnu/6/../../../../lib] ==> dir [/usr/lib/gcc/x86_64-linux-gnu/6/../../../../lib]
    arg [-L/lib/x86_64-linux-gnu] ==> dir [/lib/x86_64-linux-gnu]
    arg [-L/lib/../lib] ==> dir [/lib/../lib]
    arg [-L/usr/lib/x86_64-linux-gnu] ==> dir [/usr/lib/x86_64-linux-gnu]
    arg [-L/usr/lib/../lib] ==> dir [/usr/lib/../lib]
    arg [-L/usr/lib/gcc/x86_64-linux-gnu/6/../../..] ==> dir [/usr/lib/gcc/x86_64-linux-gnu/6/../../..]
    arg [CMakeFiles/cmTC_a6eed.dir/CMakeCCompilerABI.c.o] ==> ignore
    arg [-lgcc] ==> lib [gcc]
    arg [--as-needed] ==> ignore
    arg [-lgcc_s] ==> lib [gcc_s]
    arg [--no-as-needed] ==> ignore
    arg [-lc] ==> lib [c]
    arg [-lgcc] ==> lib [gcc]
    arg [--as-needed] ==> ignore
    arg [-lgcc_s] ==> lib [gcc_s]
    arg [--no-as-needed] ==> ignore
    arg [/usr/lib/gcc/x86_64-linux-gnu/6/crtendS.o] ==> ignore
    arg [/usr/lib/gcc/x86_64-linux-gnu/6/../../../x86_64-linux-gnu/crtn.o] ==> ignore
  remove lib [gcc]
  remove lib [gcc_s]
  remove lib [gcc]
  remove lib [gcc_s]
  collapse library dir [/usr/lib/gcc/x86_64-linux-gnu/6] ==> [/usr/lib/gcc/x86_64-linux-gnu/6]
  collapse library dir [/usr/lib/gcc/x86_64-linux-gnu/6/../../../x86_64-linux-gnu] ==> [/usr/lib/x86_64-linux-gnu]
  collapse library dir [/usr/lib/gcc/x86_64-linux-gnu/6/../../../../lib] ==> [/usr/lib]
  collapse library dir [/lib/x86_64-linux-gnu] ==> [/lib/x86_64-linux-gnu]
  collapse library dir [/lib/../lib] ==> [/lib]
  collapse library dir [/usr/lib/x86_64-linux-gnu] ==> [/usr/lib/x86_64-linux-gnu]
  collapse library dir [/usr/lib/../lib] ==> [/usr/lib]
  collapse library dir [/usr/lib/gcc/x86_64-linux-gnu/6/../../..] ==> [/usr/lib]
  implicit libs: [c]
  implicit dirs: [/usr/lib/gcc/x86_64-linux-gnu/6;/usr/lib/x86_64-linux-gnu;/usr/lib;/lib/x86_64-linux-gnu;/lib]
  implicit fwks: []




Detecting C [-std=c11] compiler features compiled with the following output:
Change Dir: /home/anithagenilos/Λήψεις/ph/warplda-master/release/CMakeFiles/CMakeTmp

Run Build Command:"/usr/bin/make" "cmTC_69a16/fast"
/usr/bin/make -f CMakeFiles/cmTC_69a16.dir/build.make CMakeFiles/cmTC_69a16.dir/build
make[1]: Entering directory '/home/anithagenilos/Λήψεις/ph/warplda-master/release/CMakeFiles/CMakeTmp'
Building C object CMakeFiles/cmTC_69a16.dir/feature_tests.c.o
/usr/bin/cc    -std=c11 -o CMakeFiles/cmTC_69a16.dir/feature_tests.c.o   -c /home/anithagenilos/Λήψεις/ph/warplda-master/release/CMakeFiles/feature_tests.c
Linking C executable cmTC_69a16
/usr/bin/cmake -E cmake_link_script CMakeFiles/cmTC_69a16.dir/link.txt --verbose=1
/usr/bin/cc       CMakeFiles/cmTC_69a16.dir/feature_tests.c.o  -o cmTC_69a16 -rdynamic 
make[1]: Leaving directory '/home/anithagenilos/Λήψεις/ph/warplda-master/release/CMakeFiles/CMakeTmp'


    Feature record: C_FEATURE:1c_function_prototypes
    Feature record: C_FEATURE:1c_restrict
    Feature record: C_FEATURE:1c_static_assert
    Feature record: C_FEATURE:1c_variadic_macros


Detecting C [-std=c99] compiler features compiled with the following output:
Change Dir: /home/anithagenilos/Λήψεις/ph/warplda-master/release/CMakeFiles/CMakeTmp

Run Build Command:"/usr/bin/make" "cmTC_97ae8/fast"
/usr/bin/make -f CMakeFiles/cmTC_97ae8.dir/build.make CMakeFiles/cmTC_97ae8.dir/build
make[1]: Entering directory '/home/anithagenilos/Λήψεις/ph/warplda-master/release/CMakeFiles/CMakeTmp'
Building C object CMakeFiles/cmTC_97ae8.dir/feature_tests.c.o
/usr/bin/cc    -std=c99 -o CMakeFiles/cmTC_97ae8.dir/feature_tests.c.o   -c /home/anithagenilos/Λήψεις/ph/warplda-master/release/CMakeFiles/feature_tests.c
Linking C executable cmTC_97ae8
/usr/bin/cmake -E cmake_link_script CMakeFiles/cmTC_97ae8.dir/link.txt --verbose=1
/usr/bin/cc       CMakeFiles/cmTC_97ae8.dir/feature_tests.c.o  -o cmTC_97ae8 -rdynamic 
make[1]: Leaving directory '/home/anithagenilos/Λήψεις/ph/warplda-master/release/CMakeFiles/CMakeTmp'


    Feature record: C_FEATURE:1c_function_prototypes
    Feature record: C_FEATURE:1c_restrict
    Feature record: C_FEATURE:0c_static_assert
    Feature record: C_FEATURE:1c_variadic_macros


Detecting C [-std=c90] compiler features compiled with the following output:
Change Dir: /home/anithagenilos/Λήψεις/ph/warplda-master/release/CMakeFiles/CMakeTmp

Run Build Command:"/usr/bin/make" "cmTC_23a8e/fast"
/usr/bin/make -f CMakeFiles/cmTC_23a8e.dir/build.make CMakeFiles/cmTC_23a8e.dir/build
make[1]: Entering directory '/home/anithagenilos/Λήψεις/ph/warplda-master/release/CMakeFiles/CMakeTmp'
Building C object CMakeFiles/cmTC_23a8e.dir/feature_tests.c.o
/usr/bin/cc    -std=c90 -o CMakeFiles/cmTC_23a8e.dir/feature_tests.c.o   -c /home/anithagenilos/Λήψεις/ph/warplda-master/release/CMakeFiles/feature_tests.c
Linking C executable cmTC_23a8e
/usr/bin/cmake -E cmake_link_script CMakeFiles/cmTC_23a8e.dir/link.txt --verbose=1
/usr/bin/cc       CMakeFiles/cmTC_23a8e.dir/feature_tests.c.o  -o cmTC_23a8e -rdynamic 
make[1]: Leaving directory '/home/anithagenilos/Λήψεις/ph/warplda-master/release/CMakeFiles/CMakeTmp'


    Feature record: C_FEATURE:1c_function_prototypes
    Feature record: C_FEATURE:0c_restrict
    Feature record: C_FEATURE:0c_static_assert
    Feature record: C_FEATURE:0c_variadic_macros
Determining if the CXX compiler works passed with the following output:
Change Dir: /home/anithagenilos/Λήψεις/ph/warplda-master/release/CMakeFiles/CMakeTmp

Run Build Command:"/usr/bin/make" "cmTC_1353d/fast"
/usr/bin/make -f CMakeFiles/cmTC_1353d.dir/build.make CMakeFiles/cmTC_1353d.dir/build
make[1]: Entering directory '/home/anithagenilos/Λήψεις/ph/warplda-master/release/CMakeFiles/CMakeTmp'
Building CXX object CMakeFiles/cmTC_1353d.dir/testCXXCompiler.cxx.o
/usr/bin/c++      -o CMakeFiles/cmTC_1353d.dir/testCXXCompiler.cxx.o -c /home/anithagenilos/Λήψεις/ph/warplda-master/release/CMakeFiles/CMakeTmp/testCXXCompiler.cxx
Linking CXX executable cmTC_1353d
/usr/bin/cmake -E cmake_link_script CMakeFiles/cmTC_1353d.dir/link.txt --verbose=1
/usr/bin/c++        CMakeFiles/cmTC_1353d.dir/testCXXCompiler.cxx.o  -o cmTC_1353d -rdynamic 
make[1]: Leaving directory '/home/anithagenilos/Λήψεις/ph/warplda-master/release/CMakeFiles/CMakeTmp'


Detecting CXX compiler ABI info compiled with the following output:
Change Dir: /home/anithagenilos/Λήψεις/ph/warplda-master/release/CMakeFiles/CMakeTmp

Run Build Command:"/usr/bin/make" "cmTC_46076/fast"
/usr/bin/make -f CMakeFiles/cmTC_46076.dir/build.make CMakeFiles/cmTC_46076.dir/build
make[1]: Entering directory '/home/anithagenilos/Λήψεις/ph/warplda-master/release/CMakeFiles/CMakeTmp'
Building CXX object CMakeFiles/cmTC_46076.dir/CMakeCXXCompilerABI.cpp.o
/usr/bin/c++      -o CMakeFiles/cmTC_46076.dir/CMakeCXXCompilerABI.cpp.o -c /usr/share/cmake-3.7/Modules/CMakeCXXCompilerABI.cpp
Linking CXX executable cmTC_46076
/usr/bin/cmake -E cmake_link_script CMakeFiles/cmTC_46076.dir/link.txt --verbose=1
/usr/bin/c++       -v CMakeFiles/cmTC_46076.dir/CMakeCXXCompilerABI.cpp.o  -o cmTC_46076 -rdynamic  
Using built-in specs.
COLLECT_GCC=/usr/bin/c++
COLLECT_LTO_WRAPPER=/usr/lib/gcc/x86_64-linux-gnu/6/lto-wrapper
Target: x86_64-linux-gnu
Configured with: ../src/configure -v --with-pkgversion='Debian 6.3.0-6' --with-bugurl=file:///usr/share/doc/gcc-6/README.Bugs --enable-languages=c,ada,c++,java,go,d,fortran,objc,obj-c++ --prefix=/usr --program-suffix=-6 --program-prefix=x86_64-linux-gnu- --enable-shared --enable-linker-build-id --libexecdir=/usr/lib --without-included-gettext --enable-threads=posix --libdir=/usr/lib --enable-nls --with-sysroot=/ --enable-clocale=gnu --enable-libstdcxx-debug --enable-libstdcxx-time=yes --with-default-libstdcxx-abi=new --enable-gnu-unique-object --disable-vtable-verify --enable-libmpx --enable-plugin --enable-default-pie --with-system-zlib --disable-browser-plugin --enable-java-awt=gtk --enable-gtk-cairo --with-java-home=/usr/lib/jvm/java-1.5.0-gcj-6-amd64/jre --enable-java-home --with-jvm-root-dir=/usr/lib/jvm/java-1.5.0-gcj-6-amd64 --with-jvm-jar-dir=/usr/lib/jvm-exports/java-1.5.0-gcj-6-amd64 --with-arch-directory=amd64 --with-ecj-jar=/usr/share/java/eclipse-ecj.jar --with-target-system-zlib --enable-objc-gc=auto --enable-multiarch --with-arch-32=i686 --with-abi=m64 --with-multilib-list=m32,m64,mx32 --enable-multilib --with-tune=generic --enable-checking=release --build=x86_64-linux-gnu --host=x86_64-linux-gnu --target=x86_64-linux-gnu
Thread model: posix
gcc version 6.3.0 20170205 (Debian 6.3.0-6) 
COMPILER_PATH=/usr/lib/gcc/x86_64-linux-gnu/6/:/usr/lib/gcc/x86_64-linux-gnu/6/:/usr/lib/gcc/x86_64-linux-gnu/:/usr/lib/gcc/x86_64-linux-gnu/6/:/usr/lib/gcc/x86_64-linux-gnu/
LIBRARY_PATH=/usr/lib/gcc/x86_64-linux-gnu/6/:/usr/lib/gcc/x86_64-linux-gnu/6/../../../x86_64-linux-gnu/:/usr/lib/gcc/x86_64-linux-gnu/6/../../../../lib/:/lib/x86_64-linux-gnu/:/lib/../lib/:/usr/lib/x86_64-linux-gnu/:/usr/lib/../lib/:/usr/lib/gcc/x86_64-linux-gnu/6/../../../:/lib/:/usr/lib/
COLLECT_GCC_OPTIONS='-v' '-o' 'cmTC_46076' '-rdynamic' '-shared-libgcc' '-mtune=generic' '-march=x86-64'
 /usr/lib/gcc/x86_64-linux-gnu/6/collect2 -plugin /usr/lib/gcc/x86_64-linux-gnu/6/liblto_plugin.so -plugin-opt=/usr/lib/gcc/x86_64-linux-gnu/6/lto-wrapper -plugin-opt=-fresolution=/tmp/ccXfBpdi.res -plugin-opt=-pass-through=-lgcc_s -plugin-opt=-pass-through=-lgcc -plugin-opt=-pass-through=-lc -plugin-opt=-pass-through=-lgcc_s -plugin-opt=-pass-through=-lgcc --sysroot=/ --build-id --eh-frame-hdr -m elf_x86_64 --hash-style=gnu -export-dynamic -dynamic-linker /lib64/ld-linux-x86-64.so.2 -pie -o cmTC_46076 /usr/lib/gcc/x86_64-linux-gnu/6/../../../x86_64-linux-gnu/Scrt1.o /usr/lib/gcc/x86_64-linux-gnu/6/../../../x86_64-linux-gnu/crti.o /usr/lib/gcc/x86_64-linux-gnu/6/crtbeginS.o -L/usr/lib/gcc/x86_64-linux-gnu/6 -L/usr/lib/gcc/x86_64-linux-gnu/6/../../../x86_64-linux-gnu -L/usr/lib/gcc/x86_64-linux-gnu/6/../../../../lib -L/lib/x86_64-linux-gnu -L/lib/../lib -L/usr/lib/x86_64-linux-gnu -L/usr/lib/../lib -L/usr/lib/gcc/x86_64-linux-gnu/6/../../.. CMakeFiles/cmTC_46076.dir/CMakeCXXCompilerABI.cpp.o -lstdc++ -lm -lgcc_s -lgcc -lc -lgcc_s -lgcc /usr/lib/gcc/x86_64-linux-gnu/6/crtendS.o /usr/lib/gcc/x86_64-linux-gnu/6/../../../x86_64-linux-gnu/crtn.o
COLLECT_GCC_OPTIONS='-v' '-o' 'cmTC_46076' '-rdynamic' '-shared-libgcc' '-mtune=generic' '-march=x86-64'
make[1]: Leaving directory '/home/anithagenilos/Λήψεις/ph/warplda-master/release/CMakeFiles/CMakeTmp'


Parsed CXX implicit link information from above output:
  link line regex: [^( *|.*[/\])(ld|([^/\]+-)?ld|collect2)[^/\]*( |$)]
  ignore line: [Change Dir: /home/anithagenilos/Λήψεις/ph/warplda-master/release/CMakeFiles/CMakeTmp]
  ignore line: []
  ignore line: [Run Build Command:"/usr/bin/make" "cmTC_46076/fast"]
  ignore line: [/usr/bin/make -f CMakeFiles/cmTC_46076.dir/build.make CMakeFiles/cmTC_46076.dir/build]
  ignore line: [make[1]: Entering directory '/home/anithagenilos/Λήψεις/ph/warplda-master/release/CMakeFiles/CMakeTmp']
  ignore line: [Building CXX object CMakeFiles/cmTC_46076.dir/CMakeCXXCompilerABI.cpp.o]
  ignore line: [/usr/bin/c++      -o CMakeFiles/cmTC_46076.dir/CMakeCXXCompilerABI.cpp.o -c /usr/share/cmake-3.7/Modules/CMakeCXXCompilerABI.cpp]
  ignore line: [Linking CXX executable cmTC_46076]
  ignore line: [/usr/bin/cmake -E cmake_link_script CMakeFiles/cmTC_46076.dir/link.txt --verbose=1]
  ignore line: [/usr/bin/c++       -v CMakeFiles/cmTC_46076.dir/CMakeCXXCompilerABI.cpp.o  -o cmTC_46076 -rdynamic  ]
  ignore line: [Using built-in specs.]
  ignore line: [COLLECT_GCC=/usr/bin/c++]
  ignore line: [COLLECT_LTO_WRAPPER=/usr/lib/gcc/x86_64-linux-gnu/6/lto-wrapper]
  ignore line: [Target: x86_64-linux-gnu]
  ignore line: [Configured with: ../src/configure -v --with-pkgversion='Debian 6.3.0-6' --with-bugurl=file:///usr/share/doc/gcc-6/README.Bugs --enable-languages=c,ada,c++,java,go,d,fortran,objc,obj-c++ --prefix=/usr --program-suffix=-6 --program-prefix=x86_64-linux-gnu- --enable-shared --enable-linker-build-id --libexecdir=/usr/lib --without-included-gettext --enable-threads=posix --libdir=/usr/lib --enable-nls --with-sysroot=/ --enable-clocale=gnu --enable-libstdcxx-debug --enable-libstdcxx-time=yes --with-default-libstdcxx-abi=new --enable-gnu-unique-object --disable-vtable-verify --enable-libmpx --enable-plugin --enable-default-pie --with-system-zlib --disable-browser-plugin --enable-java-awt=gtk --enable-gtk-cairo --with-java-home=/usr/lib/jvm/java-1.5.0-gcj-6-amd64/jre --enable-java-home --with-jvm-root-dir=/usr/lib/jvm/java-1.5.0-gcj-6-amd64 --with-jvm-jar-dir=/usr/lib/jvm-exports/java-1.5.0-gcj-6-amd64 --with-arch-directory=amd64 --with-ecj-jar=/usr/share/java/eclipse-ecj.jar --with-target-system-zlib --enable-objc-gc=auto --enable-multiarch --with-arch-32=i686 --with-abi=m64 --with-multilib-list=m32,m64,mx32 --enable-multilib --with-tune=generic --enable-checking=release --build=x86_64-linux-gnu --host=x86_64-linux-gnu --target=x86_64-linux-gnu]
  ignore line: [Thread model: posix]
  ignore line: [gcc version 6.3.0 20170205 (Debian 6.3.0-6) ]
  ignore line: [COMPILER_PATH=/usr/lib/gcc/x86_64-linux-gnu/6/:/usr/lib/gcc/x86_64-linux-gnu/6/:/usr/lib/gcc/x86_64-linux-gnu/:/usr/lib/gcc/x86_64-linux-gnu/6/:/usr/lib/gcc/x86_64-linux-gnu/]
  ignore line: [LIBRARY_PATH=/usr/lib/gcc/x86_64-linux-gnu/6/:/usr/lib/gcc/x86_64-linux-gnu/6/../../../x86_64-linux-gnu/:/usr/lib/gcc/x86_64-linux-gnu/6/../../../../lib/:/lib/x86_64-linux-gnu/:/lib/../lib/:/usr/lib/x86_64-linux-gnu/:/usr/lib/../lib/:/usr/lib/gcc/x86_64-linux-gnu/6/../../../:/lib/:/usr/lib/]
  ignore line: [COLLECT_GCC_OPTIONS='-v' '-o' 'cmTC_46076' '-rdynamic' '-shared-libgcc' '-mtune=generic' '-march=x86-64']
  link line: [ /usr/lib/gcc/x86_64-linux-gnu/6/collect2 -plugin /usr/lib/gcc/x86_64-linux-gnu/6/liblto_plugin.so -plugin-opt=/usr/lib/gcc/x86_64-linux-gnu/6/lto-wrapper -plugin-opt=-fresolution=/tmp/ccXfBpdi.res -plugin-opt=-pass-through=-lgcc_s -plugin-opt=-pass-through=-lgcc -plugin-opt=-pass-through=-lc -plugin-opt=-pass-through=-lgcc_s -plugin-opt=-pass-through=-lgcc --sysroot=/ --build-id --eh-frame-hdr -m elf_x86_64 --hash-style=gnu -export-dynamic -dynamic-linker /lib64/ld-linux-x86-64.so.2 -pie -o cmTC_46076 /usr/lib/gcc/x86_64-linux-gnu/6/../../../x86_64-linux-gnu/Scrt1.o /usr/lib/gcc/x86_64-linux-gnu/6/../../../x86_64-linux-gnu/crti.o /usr/lib/gcc/x86_64-linux-gnu/6/crtbeginS.o -L/usr/lib/gcc/x86_64-linux-gnu/6 -L/usr/lib/gcc/x86_64-linux-gnu/6/../../../x86_64-linux-gnu -L/usr/lib/gcc/x86_64-linux-gnu/6/../../../../lib -L/lib/x86_64-linux-gnu -L/lib/../lib -L/usr/lib/x86_64-linux-gnu -L/usr/lib/../lib -L/usr/lib/gcc/x86_64-linux-gnu/6/../../.. CMakeFiles/cmTC_46076.dir/CMakeCXXCompilerABI.cpp.o -lstdc++ -lm -lgcc_s -lgcc -lc -lgcc_s -lgcc /usr/lib/gcc/x86_64-linux-gnu/6/crtendS.o /usr/lib/gcc/x86_64-linux-gnu/6/../../../x86_64-linux-gnu/crtn.o]
    arg [/usr/lib/gcc/x86_64-linux-gnu/6/collect2] ==> ignore
    arg [-plugin] ==> ignore
    arg [/usr/lib/gcc/x86_64-linux-gnu/6/liblto_plugin.so] ==> ignore
    arg [-plugin-opt=/usr/lib/gcc/x86_64-linux-gnu/6/lto-wrapper] ==> ignore
    arg [-plugin-opt=-fresolution=/tmp/ccXfBpdi.res] ==> ignore
    arg [-plugin-opt=-pass-through=-lgcc_s] ==> ignore
    arg [-plugin-opt=-pass-through=-lgcc] ==> ignore
    arg [-plugin-opt=-pass-through=-lc] ==> ignore
    arg [-plugin-opt=-pass-through=-lgcc_s] ==> ignore
    arg [-plugin-opt=-pass-through=-lgcc] ==> ignore
    arg [--sysroot=/] ==> ignore
    arg [--build-id] ==> ignore
    arg [--eh-frame-hdr] ==> ignore
    arg [-m] ==> ignore
    arg [elf_x86_64] ==> ignore
    arg [--hash-style=gnu] ==> ignore
    arg [-export-dynamic] ==> ignore
    arg [-dynamic-linker] ==> ignore
    arg [/lib64/ld-linux-x86-64.so.2] ==> ignore
    arg [-pie] ==> ignore
    arg [-o] ==> ignore
    arg [cmTC_46076] ==> ignore
    arg [/usr/lib/gcc/x86_64-linux-gnu/6/../../../x86_64-linux-gnu/Scrt1.o] ==> ignore
    arg [/usr/lib/gcc/x86_64-linux-gnu/6/../../../x86_64-linux-gnu/crti.o] ==> ignore
    arg [/usr/lib/gcc/x86_64-linux-gnu/6/crtbeginS.o] ==> ignore
    arg [-L/usr/lib/gcc/x86_64-linux-gnu/6] ==> dir [/usr/lib/gcc/x86_64-linux-gnu/6]
    arg [-L/usr/lib/gcc/x86_64-linux-gnu/6/../../../x86_64-linux-gnu] ==> dir [/usr/lib/gcc/x86_64-linux-gnu/6/../../../x86_64-linux-gnu]
    arg [-L/usr/lib/gcc/x86_64-linux-gnu/6/../../../../lib] ==> dir [/usr/lib/gcc/x86_64-linux-gnu/6/../../../../lib]
    arg [-L/lib/x86_64-linux-gnu] ==> dir [/lib/x86_64-linux-gnu]
    arg [-L/lib/../lib] ==> dir [/lib/../lib]
    arg [-L/usr/lib/x86_64-linux-gnu] ==> dir [/usr/lib/x86_64-linux-gnu]
    arg [-L/usr/lib/../lib] ==> dir [/usr/lib/../lib]
    arg [-L/usr/lib/gcc/x86_64-linux-gnu/6/../../..] ==> dir [/usr/lib/gcc/x86_64-linux-gnu/6/../../..]
    arg [CMakeFiles/cmTC_46076.dir/CMakeCXXCompilerABI.cpp.o] ==> ignore
    arg [-lstdc++] ==> lib [stdc++]
    arg [-lm] ==> lib [m]
    arg [-lgcc_s] ==> lib [gcc_s]
    arg [-lgcc] ==> lib [gcc]
    arg [-lc] ==> lib [c]
    arg [-lgcc_s] ==> lib [gcc_s]
    arg [-lgcc] ==> lib [gcc]
    arg [/usr/lib/gcc/x86_64-linux-gnu/6/crtendS.o] ==> ignore
    arg [/usr/lib/gcc/x86_64-linux-gnu/6/../../../x86_64-linux-gnu/crtn.o] ==> ignore
  remove lib [gcc_s]
  remove lib [gcc]
  remove lib [gcc_s]
  remove lib [gcc]
  collapse library dir [/usr/lib/gcc/x86_64-linux-gnu/6] ==> [/usr/lib/gcc/x86_64-linux-gnu/6]
  collapse library dir [/usr/lib/gcc/x86_64-linux-gnu/6/../../../x86_64-linux-gnu] ==> [/usr/lib/x86_64-linux-gnu]
  collapse library dir [/usr/lib/gcc/x86_64-linux-gnu/6/../../../../lib] ==> [/usr/lib]
  collapse library dir [/lib/x86_64-linux-gnu] ==> [/lib/x86_64-linux-gnu]
  collapse library dir [/lib/../lib] ==> [/lib]
  collapse library dir [/usr/lib/x86_64-linux-gnu] ==> [/usr/lib/x86_64-linux-gnu]
  collapse library dir [/usr/lib/../lib] ==> [/usr/lib]
  collapse library dir [/usr/lib/gcc/x86_64-linux-gnu/6/../../..] ==> [/usr/lib]
  implicit libs: [stdc++;m;c]
  implicit dirs: [/usr/lib/gcc/x86_64-linux-gnu/6;/usr/lib/x86_64-linux-gnu;/usr/lib;/lib/x86_64-linux-gnu;/lib]
  implicit fwks: []




Detecting CXX [-std=c++14] compiler features compiled with the following output:
Change Dir: /home/anithagenilos/Λήψεις/ph/warplda-master/release/CMakeFiles/CMakeTmp

Run Build Command:"/usr/bin/make" "cmTC_b47d0/fast"
/usr/bin/make -f CMakeFiles/cmTC_b47d0.dir/build.make CMakeFiles/cmTC_b47d0.dir/build
make[1]: Entering directory '/home/anithagenilos/Λήψεις/ph/warplda-master/release/CMakeFiles/CMakeTmp'
Building CXX object CMakeFiles/cmTC_b47d0.dir/feature_tests.cxx.o
/usr/bin/c++     -std=c++14 -o CMakeFiles/cmTC_b47d0.dir/feature_tests.cxx.o -c /home/anithagenilos/Λήψεις/ph/warplda-master/release/CMakeFiles/feature_tests.cxx
Linking CXX executable cmTC_b47d0
/usr/bin/cmake -E cmake_link_script CMakeFiles/cmTC_b47d0.dir/link.txt --verbose=1
/usr/bin/c++        CMakeFiles/cmTC_b47d0.dir/feature_tests.cxx.o  -o cmTC_b47d0 -rdynamic 
make[1]: Leaving directory '/home/anithagenilos/Λήψεις/ph/warplda-master/release/CMakeFiles/CMakeTmp'


    Feature record: CXX_FEATURE:1cxx_aggregate_default_initializers
    Feature record: CXX_FEATURE:1cxx_alias_templates
    Feature record: CXX_FEATURE:1cxx_alignas
    Feature record: CXX_FEATURE:1cxx_alignof
    Feature record: CXX_FEATURE:1cxx_attributes
    Feature record: CXX_FEATURE:1cxx_attribute_deprecated
    Feature record: CXX_FEATURE:1cxx_auto_type
    Feature record: CXX_FEATURE:1cxx_binary_literals
    Feature record: CXX_FEATURE:1cxx_constexpr
    Feature record: CXX_FEATURE:1cxx_contextual_conversions
    Feature record: CXX_FEATURE:1cxx_decltype
    Feature record: CXX_FEATURE:1cxx_decltype_auto
    Feature record: CXX_FEATURE:1cxx_decltype_incomplete_return_types
    Feature record: CXX_FEATURE:1cxx_default_function_template_args
    Feature record: CXX_FEATURE:1cxx_defaulted_functions
    Feature record: CXX_FEATURE:1cxx_defaulted_move_initializers
    Feature record: CXX_FEATURE:1cxx_delegating_constructors
    Feature record: CXX_FEATURE:1cxx_deleted_functions
    Feature record: CXX_FEATURE:1cxx_digit_separators
    Feature record: CXX_FEATURE:1cxx_enum_forward_declarations
    Feature record: CXX_FEATURE:1cxx_explicit_conversions
    Feature record: CXX_FEATURE:1cxx_extended_friend_declarations
    Feature record: CXX_FEATURE:1cxx_extern_templates
    Feature record: CXX_FEATURE:1cxx_final
    Feature record: CXX_FEATURE:1cxx_func_identifier
    Feature record: CXX_FEATURE:1cxx_generalized_initializers
    Feature record: CXX_FEATURE:1cxx_generic_lambdas
    Feature record: CXX_FEATURE:1cxx_inheriting_constructors
    Feature record: CXX_FEATURE:1cxx_inline_namespaces
    Feature record: CXX_FEATURE:1cxx_lambdas
    Feature record: CXX_FEATURE:1cxx_lambda_init_captures
    Feature record: CXX_FEATURE:1cxx_local_type_template_args
    Feature record: CXX_FEATURE:1cxx_long_long_type
    Feature record: CXX_FEATURE:1cxx_noexcept
    Feature record: CXX_FEATURE:1cxx_nonstatic_member_init
    Feature record: CXX_FEATURE:1cxx_nullptr
    Feature record: CXX_FEATURE:1cxx_override
    Feature record: CXX_FEATURE:1cxx_range_for
    Feature record: CXX_FEATURE:1cxx_raw_string_literals
    Feature record: CXX_FEATURE:1cxx_reference_qualified_functions
    Feature record: CXX_FEATURE:1cxx_relaxed_constexpr
    Feature record: CXX_FEATURE:1cxx_return_type_deduction
    Feature record: CXX_FEATURE:1cxx_right_angle_brackets
    Feature record: CXX_FEATURE:1cxx_rvalue_references
    Feature record: CXX_FEATURE:1cxx_sizeof_member
    Feature record: CXX_FEATURE:1cxx_static_assert
    Feature record: CXX_FEATURE:1cxx_strong_enums
    Feature record: CXX_FEATURE:1cxx_template_template_parameters
    Feature record: CXX_FEATURE:1cxx_thread_local
    Feature record: CXX_FEATURE:1cxx_trailing_return_types
    Feature record: CXX_FEATURE:1cxx_unicode_literals
    Feature record: CXX_FEATURE:1cxx_uniform_initialization
    Feature record: CXX_FEATURE:1cxx_unrestricted_unions
    Feature record: CXX_FEATURE:1cxx_user_literals
    Feature record: CXX_FEATURE:1cxx_variable_templates
    Feature record: CXX_FEATURE:1cxx_variadic_macros
    Feature record: CXX_FEATURE:1cxx_variadic_templates


Detecting CXX [-std=c++11] compiler features compiled with the following output:
Change Dir: /home/anithagenilos/Λήψεις/ph/warplda-master/release/CMakeFiles/CMakeTmp

Run Build Command:"/usr/bin/make" "cmTC_e59cd/fast"
/usr/bin/make -f CMakeFiles/cmTC_e59cd.dir/build.make CMakeFiles/cmTC_e59cd.dir/build
make[1]: Entering directory '/home/anithagenilos/Λήψεις/ph/warplda-master/release/CMakeFiles/CMakeTmp'
Building CXX object CMakeFiles/cmTC_e59cd.dir/feature_tests.cxx.o
/usr/bin/c++     -std=c++11 -o CMakeFiles/cmTC_e59cd.dir/feature_tests.cxx.o -c /home/anithagenilos/Λήψεις/ph/warplda-master/release/CMakeFiles/feature_tests.cxx
Linking CXX executable cmTC_e59cd
/usr/bin/cmake -E cmake_link_script CMakeFiles/cmTC_e59cd.dir/link.txt --verbose=1
/usr/bin/c++        CMakeFiles/cmTC_e59cd.dir/feature_tests.cxx.o  -o cmTC_e59cd -rdynamic 
make[1]: Leaving directory '/home/anithagenilos/Λήψεις/ph/warplda-master/release/CMakeFiles/CMakeTmp'


    Feature record: CXX_FEATURE:0cxx_aggregate_default_initializers
    Feature record: CXX_FEATURE:1cxx_alias_templates
    Feature record: CXX_FEATURE:1cxx_alignas
    Feature record: CXX_FEATURE:1cxx_alignof
    Feature record: CXX_FEATURE:1cxx_attributes
    Feature record: CXX_FEATURE:0cxx_attribute_deprecated
    Feature record: CXX_FEATURE:1cxx_auto_type
    Feature record: CXX_FEATURE:0cxx_binary_literals
    Feature record: CXX_FEATURE:1cxx_constexpr
    Feature record: CXX_FEATURE:0cxx_contextual_conversions
    Feature record: CXX_FEATURE:1cxx_decltype
    Feature record: CXX_FEATURE:0cxx_decltype_auto
    Feature record: CXX_FEATURE:1cxx_decltype_incomplete_return_types
    Feature record: CXX_FEATURE:1cxx_default_function_template_args
    Feature record: CXX_FEATURE:1cxx_defaulted_functions
    Feature record: CXX_FEATURE:1cxx_defaulted_move_initializers
    Feature record: CXX_FEATURE:1cxx_delegating_constructors
    Feature record: CXX_FEATURE:1cxx_deleted_functions
    Feature record: CXX_FEATURE:0cxx_digit_separators
    Feature record: CXX_FEATURE:1cxx_enum_forward_declarations
    Feature record: CXX_FEATURE:1cxx_explicit_conversions
    Feature record: CXX_FEATURE:1cxx_extended_friend_declarations
    Feature record: CXX_FEATURE:1cxx_extern_templates
    Feature record: CXX_FEATURE:1cxx_final
    Feature record: CXX_FEATURE:1cxx_func_identifier
    Feature record: CXX_FEATURE:1cxx_generalized_initializers
    Feature record: CXX_FEATURE:0cxx_generic_lambdas
    Feature record: CXX_FEATURE:1cxx_inheriting_constructors
    Feature record: CXX_FEATURE:1cxx_inline_namespaces
    Feature record: CXX_FEATURE:1cxx_lambdas
    Feature record: CXX_FEATURE:0cxx_lambda_init_captures
    Feature record: CXX_FEATURE:1cxx_local_type_template_args
    Feature record: CXX_FEATURE:1cxx_long_long_type
    Feature record: CXX_FEATURE:1cxx_noexcept
    Feature record: CXX_FEATURE:1cxx_nonstatic_member_init
    Feature record: CXX_FEATURE:1cxx_nullptr
    Feature record: CXX_FEATURE:1cxx_override
    Feature record: CXX_FEATURE:1cxx_range_for
    Feature record: CXX_FEATURE:1cxx_raw_string_literals
    Feature record: CXX_FEATURE:1cxx_reference_qualified_functions
    Feature record: CXX_FEATURE:0cxx_relaxed_constexpr
    Feature record: CXX_FEATURE:0cxx_return_type_deduction
    Feature record: CXX_FEATURE:1cxx_right_angle_brackets
    Feature record: CXX_FEATURE:1cxx_rvalue_references
    Feature record: CXX_FEATURE:1cxx_sizeof_member
    Feature record: CXX_FEATURE:1cxx_static_assert
    Feature record: CXX_FEATURE:1cxx_strong_enums
    Feature record: CXX_FEATURE:1cxx_template_template_parameters
    Feature record: CXX_FEATURE:1cxx_thread_local
    Feature record: CXX_FEATURE:1cxx_trailing_return_types
    Feature record: CXX_FEATURE:1cxx_unicode_literals
    Feature record: CXX_FEATURE:1cxx_uniform_initialization
    Feature record: CXX_FEATURE:1cxx_unrestricted_unions
    Feature record: CXX_FEATURE:1cxx_user_literals
    Feature record: CXX_FEATURE:0cxx_variable_templates
    Feature record: CXX_FEATURE:1cxx_variadic_macros
    Feature record: CXX_FEATURE:1cxx_variadic_templates


Detecting CXX [-std=c++98] compiler features compiled with the following output:
Change Dir: /home/anithagenilos/Λήψεις/ph/warplda-master/release/CMakeFiles/CMakeTmp

Run Build Command:"/usr/bin/make" "cmTC_558e3/fast"
/usr/bin/make -f CMakeFiles/cmTC_558e3.dir/build.make CMakeFiles/cmTC_558e3.dir/build
make[1]: Entering directory '/home/anithagenilos/Λήψεις/ph/warplda-master/release/CMakeFiles/CMakeTmp'
Building CXX object CMakeFiles/cmTC_558e3.dir/feature_tests.cxx.o
/usr/bin/c++     -std=c++98 -o CMakeFiles/cmTC_558e3.dir/feature_tests.cxx.o -c /home/anithagenilos/Λήψεις/ph/warplda-master/release/CMakeFiles/feature_tests.cxx
Linking CXX executable cmTC_558e3
/usr/bin/cmake -E cmake_link_script CMakeFiles/cmTC_558e3.dir/link.txt --verbose=1
/usr/bin/c++        CMakeFiles/cmTC_558e3.dir/feature_tests.cxx.o  -o cmTC_558e3 -rdynamic 
make[1]: Leaving directory '/home/anithagenilos/Λήψεις/ph/warplda-master/release/CMakeFiles/CMakeTmp'


    Feature record: CXX_FEATURE:0cxx_aggregate_default_initializers
    Feature record: CXX_FEATURE:0cxx_alias_templates
    Feature record: CXX_FEATURE:0cxx_alignas
    Feature record: CXX_FEATURE:0cxx_alignof
    Feature record: CXX_FEATURE:0cxx_attributes
    Feature record: CXX_FEATURE:0cxx_attribute_deprecated
    Feature record: CXX_FEATURE:0cxx_auto_type
    Feature record: CXX_FEATURE:0cxx_binary_literals
    Feature record: CXX_FEATURE:0cxx_constexpr
    Feature record: CXX_FEATURE:0cxx_contextual_conversions
    Feature record: CXX_FEATURE:0cxx_decltype
    Feature record: CXX_FEATURE:0cxx_decltype_auto
    Feature record: CXX_FEATURE:0cxx_decltype_incomplete_return_types
    Feature record: CXX_FEATURE:0cxx_default_function_template_args
    Feature record: CXX_FEATURE:0cxx_defaulted_functions
    Feature record: CXX_FEATURE:0cxx_defaulted_move_initializers
    Feature record: CXX_FEATURE:0cxx_delegating_constructors
    Feature record: CXX_FEATURE:0cxx_deleted_functions
    Feature record: CXX_FEATURE:0cxx_digit_separators
    Feature record: CXX_FEATURE:0cxx_enum_forward_declarations
    Feature record: CXX_FEATURE:0cxx_explicit_conversions
    Feature record: CXX_FEATURE:0cxx_extended_friend_declarations
    Feature record: CXX_FEATURE:0cxx_extern_templates
    Feature record: CXX_FEATURE:0cxx_final
    Feature record: CXX_FEATURE:0cxx_func_identifier
    Feature record: CXX_FEATURE:0cxx_generalized_initializers
    Feature record: CXX_FEATURE:0cxx_generic_lambdas
    Feature record: CXX_FEATURE:0cxx_inheriting_constructors
    Feature record: CXX_FEATURE:0cxx_inline_namespaces
    Feature record: CXX_FEATURE:0cxx_lambdas
    Feature record: CXX_FEATURE:0cxx_lambda_init_captures
    Feature record: CXX_FEATURE:0cxx_local_type_template_args
    Feature record: CXX_FEATURE:0cxx_long_long_type
    Feature record: CXX_FEATURE:0cxx_noexcept
    Feature record: CXX_FEATURE:0cxx_nonstatic_member_init
    Feature record: CXX_FEATURE:0cxx_nullptr
    Feature record: CXX_FEATURE:0cxx_override
    Feature record: CXX_FEATURE:0cxx_range_for
    Feature record: CXX_FEATURE:0cxx_raw_string_literals
    Feature record: CXX_FEATURE:0cxx_reference_qualified_functions
    Feature record: CXX_FEATURE:0cxx_relaxed_constexpr
    Feature record: CXX_FEATURE:0cxx_return_type_deduction
    Feature record: CXX_FEATURE:0cxx_right_angle_brackets
    Feature record: CXX_FEATURE:0cxx_rvalue_references
    Feature record: CXX_FEATURE:0cxx_sizeof_member
    Feature record: CXX_FEATURE:0cxx_static_assert
    Feature record: CXX_FEATURE:0cxx_strong_enums
    Feature record: CXX_FEATURE:1cxx_template_template_parameters
    Feature record: CXX_FEATURE:0cxx_thread_local
    Feature record: CXX_FEATURE:0cxx_trailing_return_types
    Feature record: CXX_FEATURE:0cxx_unicode_literals
    Feature record: CXX_FEATURE:0cxx_uniform_initialization
    Feature record: CXX_FEATURE:0cxx_unrestricted_unions
    Feature record: CXX_FEATURE:0cxx_user_literals
    Feature record: CXX_FEATURE:0cxx_variable_templates
    Feature record: CXX_FEATURE:0cxx_variadic_macros
    Feature record: CXX_FEATURE:0cxx_variadic_templates
Determining if the include file unistd.h exists passed with the following output:
Change Dir: /home/anithagenilos/Λήψεις/ph/warplda-master/release/CMakeFiles/CMakeTmp

Run Build Command:"/usr/bin/make" "cmTC_2bf63/fast"
/usr/bin/make -f CMakeFiles/cmTC_2bf63.dir/build.make CMakeFiles/cmTC_2bf63.dir/build
make[1]: Entering directory '/home/anithagenilos/Λήψεις/ph/warplda-master/release/CMakeFiles/CMakeTmp'
Building CXX object CMakeFiles/cmTC_2bf63.dir/CheckIncludeFile.cxx.o
/usr/bin/c++      -o CMakeFiles/cmTC_2bf63.dir/CheckIncludeFile.cxx.o -c /home/anithagenilos/Λήψεις/ph/warplda-master/release/CMakeFiles/CMakeTmp/CheckIncludeFile.cxx
Linking CXX executable cmTC_2bf63
/usr/bin/cmake -E cmake_link_script CMakeFiles/cmTC_2bf63.dir/link.txt --verbose=1
/usr/bin/c++        CMakeFiles/cmTC_2bf63.dir/CheckIncludeFile.cxx.o  -o cmTC_2bf63 -rdynamic 
make[1]: Leaving directory '/home/anithagenilos/Λήψεις/ph/warplda-master/release/CMakeFiles/CMakeTmp'


Determining if the include file stdint.h exists passed with the following output:
Change Dir: /home/anithagenilos/Λήψεις/ph/warplda-master/release/CMakeFiles/CMakeTmp

Run Build Command:"/usr/bin/make" "cmTC_30540/fast"
/usr/bin/make -f CMakeFiles/cmTC_30540.dir/build.make CMakeFiles/cmTC_30540.dir/build
make[1]: Entering directory '/home/anithagenilos/Λήψεις/ph/warplda-master/release/CMakeFiles/CMakeTmp'
Building CXX object CMakeFiles/cmTC_30540.dir/CheckIncludeFile.cxx.o
/usr/bin/c++      -o CMakeFiles/cmTC_30540.dir/CheckIncludeFile.cxx.o -c /home/anithagenilos/Λήψεις/ph/warplda-master/release/CMakeFiles/CMakeTmp/CheckIncludeFile.cxx
Linking CXX executable cmTC_30540
/usr/bin/cmake -E cmake_link_script CMakeFiles/cmTC_30540.dir/link.txt --verbose=1
/usr/bin/c++        CMakeFiles/cmTC_30540.dir/CheckIncludeFile.cxx.o  -o cmTC_30540 -rdynamic 
make[1]: Leaving directory '/home/anithagenilos/Λήψεις/ph/warplda-master/release/CMakeFiles/CMakeTmp'


Determining if the include file inttypes.h exists passed with the following output:
Change Dir: /home/anithagenilos/Λήψεις/ph/warplda-master/release/CMakeFiles/CMakeTmp

Run Build Command:"/usr/bin/make" "cmTC_0f029/fast"
/usr/bin/make -f CMakeFiles/cmTC_0f029.dir/build.make CMakeFiles/cmTC_0f029.dir/build
make[1]: Entering directory '/home/anithagenilos/Λήψεις/ph/warplda-master/release/CMakeFiles/CMakeTmp'
Building CXX object CMakeFiles/cmTC_0f029.dir/CheckIncludeFile.cxx.o
/usr/bin/c++      -o CMakeFiles/cmTC_0f029.dir/CheckIncludeFile.cxx.o -c /home/anithagenilos/Λήψεις/ph/warplda-master/release/CMakeFiles/CMakeTmp/CheckIncludeFile.cxx
Linking CXX executable cmTC_0f029
/usr/bin/cmake -E cmake_link_script CMakeFiles/cmTC_0f029.dir/link.txt --verbose=1
/usr/bin/c++        CMakeFiles/cmTC_0f029.dir/CheckIncludeFile.cxx.o  -o cmTC_0f029 -rdynamic 
make[1]: Leaving directory '/home/anithagenilos/Λήψεις/ph/warplda-master/release/CMakeFiles/CMakeTmp'


Determining if the include file sys/types.h exists passed with the following output:
Change Dir: /home/anithagenilos/Λήψεις/ph/warplda-master/release/CMakeFiles/CMakeTmp

Run Build Command:"/usr/bin/make" "cmTC_7a6e9/fast"
/usr/bin/make -f CMakeFiles/cmTC_7a6e9.dir/build.make CMakeFiles/cmTC_7a6e9.dir/build
make[1]: Entering directory '/home/anithagenilos/Λήψεις/ph/warplda-master/release/CMakeFiles/CMakeTmp'
Building CXX object CMakeFiles/cmTC_7a6e9.dir/CheckIncludeFile.cxx.o
/usr/bin/c++      -o CMakeFiles/cmTC_7a6e9.dir/CheckIncludeFile.cxx.o -c /home/anithagenilos/Λήψεις/ph/warplda-master/release/CMakeFiles/CMakeTmp/CheckIncludeFile.cxx
Linking CXX executable cmTC_7a6e9
/usr/bin/cmake -E cmake_link_script CMakeFiles/cmTC_7a6e9.dir/link.txt --verbose=1
/usr/bin/c++        CMakeFiles/cmTC_7a6e9.dir/CheckIncludeFile.cxx.o  -o cmTC_7a6e9 -rdynamic 
make[1]: Leaving directory '/home/anithagenilos/Λήψεις/ph/warplda-master/release/CMakeFiles/CMakeTmp'


Determining if the include file sys/stat.h exists passed with the following output:
Change Dir: /home/anithagenilos/Λήψεις/ph/warplda-master/release/CMakeFiles/CMakeTmp

Run Build Command:"/usr/bin/make" "cmTC_72099/fast"
/usr/bin/make -f CMakeFiles/cmTC_72099.dir/build.make CMakeFiles/cmTC_72099.dir/build
make[1]: Entering directory '/home/anithagenilos/Λήψεις/ph/warplda-master/release/CMakeFiles/CMakeTmp'
Building CXX object CMakeFiles/cmTC_72099.dir/CheckIncludeFile.cxx.o
/usr/bin/c++      -o CMakeFiles/cmTC_72099.dir/CheckIncludeFile.cxx.o -c /home/anithagenilos/Λήψεις/ph/warplda-master/release/CMakeFiles/CMakeTmp/CheckIncludeFile.cxx
Linking CXX executable cmTC_72099
/usr/bin/cmake -E cmake_link_script CMakeFiles/cmTC_72099.dir/link.txt --verbose=1
/usr/bin/c++        CMakeFiles/cmTC_72099.dir/CheckIncludeFile.cxx.o  -o cmTC_72099 -rdynamic 
make[1]: Leaving directory '/home/anithagenilos/Λήψεις/ph/warplda-master/release/CMakeFiles/CMakeTmp'


Determining if the include file fnmatch.h exists passed with the following output:
Change Dir: /home/anithagenilos/Λήψεις/ph/warplda-master/release/CMakeFiles/CMakeTmp

Run Build Command:"/usr/bin/make" "cmTC_8286a/fast"
/usr/bin/make -f CMakeFiles/cmTC_8286a.dir/build.make CMakeFiles/cmTC_8286a.dir/build
make[1]: Entering directory '/home/anithagenilos/Λήψεις/ph/warplda-master/release/CMakeFiles/CMakeTmp'
Building CXX object CMakeFiles/cmTC_8286a.dir/CheckIncludeFile.cxx.o
/usr/bin/c++      -o CMakeFiles/cmTC_8286a.dir/CheckIncludeFile.cxx.o -c /home/anithagenilos/Λήψεις/ph/warplda-master/release/CMakeFiles/CMakeTmp/CheckIncludeFile.cxx
Linking CXX executable cmTC_8286a
/usr/bin/cmake -E cmake_link_script CMakeFiles/cmTC_8286a.dir/link.txt --verbose=1
/usr/bin/c++        CMakeFiles/cmTC_8286a.dir/CheckIncludeFile.cxx.o  -o cmTC_8286a -rdynamic 
make[1]: Leaving directory '/home/anithagenilos/Λήψεις/ph/warplda-master/release/CMakeFiles/CMakeTmp'


Determining if the include file stddef.h exists passed with the following output:
Change Dir: /home/anithagenilos/Λήψεις/ph/warplda-master/release/CMakeFiles/CMakeTmp

Run Build Command:"/usr/bin/make" "cmTC_252ce/fast"
/usr/bin/make -f CMakeFiles/cmTC_252ce.dir/build.make CMakeFiles/cmTC_252ce.dir/build
make[1]: Entering directory '/home/anithagenilos/Λήψεις/ph/warplda-master/release/CMakeFiles/CMakeTmp'
Building CXX object CMakeFiles/cmTC_252ce.dir/CheckIncludeFile.cxx.o
/usr/bin/c++      -o CMakeFiles/cmTC_252ce.dir/CheckIncludeFile.cxx.o -c /home/anithagenilos/Λήψεις/ph/warplda-master/release/CMakeFiles/CMakeTmp/CheckIncludeFile.cxx
Linking CXX executable cmTC_252ce
/usr/bin/cmake -E cmake_link_script CMakeFiles/cmTC_252ce.dir/link.txt --verbose=1
/usr/bin/c++        CMakeFiles/cmTC_252ce.dir/CheckIncludeFile.cxx.o  -o cmTC_252ce -rdynamic 
make[1]: Leaving directory '/home/anithagenilos/Λήψεις/ph/warplda-master/release/CMakeFiles/CMakeTmp'


Determining size of uint32_t passed with the following output:
Change Dir: /home/anithagenilos/Λήψεις/ph/warplda-master/release/CMakeFiles/CMakeTmp

Run Build Command:"/usr/bin/make" "cmTC_a4497/fast"
/usr/bin/make -f CMakeFiles/cmTC_a4497.dir/build.make CMakeFiles/cmTC_a4497.dir/build
make[1]: Entering directory '/home/anithagenilos/Λήψεις/ph/warplda-master/release/CMakeFiles/CMakeTmp'
Building CXX object CMakeFiles/cmTC_a4497.dir/uint32_t.cpp.o
/usr/bin/c++      -o CMakeFiles/cmTC_a4497.dir/uint32_t.cpp.o -c /home/anithagenilos/Λήψεις/ph/warplda-master/release/CMakeFiles/CheckTypeSize/uint32_t.cpp
Linking CXX executable cmTC_a4497
/usr/bin/cmake -E cmake_link_script CMakeFiles/cmTC_a4497.dir/link.txt --verbose=1
/usr/bin/c++        CMakeFiles/cmTC_a4497.dir/uint32_t.cpp.o  -o cmTC_a4497 -rdynamic 
make[1]: Leaving directory '/home/anithagenilos/Λήψεις/ph/warplda-master/release/CMakeFiles/CMakeTmp'


Determining if the strtoll exist passed with the following output:
Change Dir: /home/anithagenilos/Λήψεις/ph/warplda-master/release/CMakeFiles/CMakeTmp

Run Build Command:"/usr/bin/make" "cmTC_48630/fast"
/usr/bin/make -f CMakeFiles/cmTC_48630.dir/build.make CMakeFiles/cmTC_48630.dir/build
make[1]: Entering directory '/home/anithagenilos/Λήψεις/ph/warplda-master/release/CMakeFiles/CMakeTmp'
Building CXX object CMakeFiles/cmTC_48630.dir/CheckSymbolExists.cxx.o
/usr/bin/c++      -o CMakeFiles/cmTC_48630.dir/CheckSymbolExists.cxx.o -c /home/anithagenilos/Λήψεις/ph/warplda-master/release/CMakeFiles/CMakeTmp/CheckSymbolExists.cxx
Linking CXX executable cmTC_48630
/usr/bin/cmake -E cmake_link_script CMakeFiles/cmTC_48630.dir/link.txt --verbose=1
/usr/bin/c++        CMakeFiles/cmTC_48630.dir/CheckSymbolExists.cxx.o  -o cmTC_48630 -rdynamic 
make[1]: Leaving directory '/home/anithagenilos/Λήψεις/ph/warplda-master/release/CMakeFiles/CMakeTmp'

File /home/anithagenilos/Λήψεις/ph/warplda-master/release/CMakeFiles/CMakeTmp/CheckSymbolExists.cxx:
/* */
#include <stdlib.h>

int main(int argc, char** argv)
{
  (void)argv;
#ifndef strtoll
  return ((int*)(&strtoll))[argc];
#else
  (void)argc;
  return 0;
#endif
}

Determining if the include file pthread.h exists passed with the following output:
Change Dir: /home/anithagenilos/Λήψεις/ph/warplda-master/release/CMakeFiles/CMakeTmp

Run Build Command:"/usr/bin/make" "cmTC_bb664/fast"
/usr/bin/make -f CMakeFiles/cmTC_bb664.dir/build.make CMakeFiles/cmTC_bb664.dir/build
make[1]: Entering directory '/home/anithagenilos/Λήψεις/ph/warplda-master/release/CMakeFiles/CMakeTmp'
Building C object CMakeFiles/cmTC_bb664.dir/CheckIncludeFile.c.o
/usr/bin/cc     -o CMakeFiles/cmTC_bb664.dir/CheckIncludeFile.c.o   -c /home/anithagenilos/Λήψεις/ph/warplda-master/release/CMakeFiles/CMakeTmp/CheckIncludeFile.c
Linking C executable cmTC_bb664
/usr/bin/cmake -E cmake_link_script CMakeFiles/cmTC_bb664.dir/link.txt --verbose=1
/usr/bin/cc       CMakeFiles/cmTC_bb664.dir/CheckIncludeFile.c.o  -o cmTC_bb664 -rdynamic 
make[1]: Leaving directory '/home/anithagenilos/Λήψεις/ph/warplda-master/release/CMakeFiles/CMakeTmp'


Determining if the function pthread_create exists in the pthread passed with the following output:
Change Dir: /home/anithagenilos/Λήψεις/ph/warplda-master/release/CMakeFiles/CMakeTmp

Run Build Command:"/usr/bin/make" "cmTC_3be3e/fast"
/usr/bin/make -f CMakeFiles/cmTC_3be3e.dir/build.make CMakeFiles/cmTC_3be3e.dir/build
make[1]: Entering directory '/home/anithagenilos/Λήψεις/ph/warplda-master/release/CMakeFiles/CMakeTmp'
Building C object CMakeFiles/cmTC_3be3e.dir/CheckFunctionExists.c.o
/usr/bin/cc    -DCHECK_FUNCTION_EXISTS=pthread_create   -o CMakeFiles/cmTC_3be3e.dir/CheckFunctionExists.c.o   -c /usr/share/cmake-3.7/Modules/CheckFunctionExists.c
Linking C executable cmTC_3be3e
/usr/bin/cmake -E cmake_link_script CMakeFiles/cmTC_3be3e.dir/link.txt --verbose=1
/usr/bin/cc   -DCHECK_FUNCTION_EXISTS=pthread_create    CMakeFiles/cmTC_3be3e.dir/CheckFunctionExists.c.o  -o cmTC_3be3e -rdynamic -lpthread 
make[1]: Leaving directory '/home/anithagenilos/Λήψεις/ph/warplda-master/release/CMakeFiles/CMakeTmp'


Determining size of pthread_rwlock_t passed with the following output:
Change Dir: /home/anithagenilos/Λήψεις/ph/warplda-master/release/CMakeFiles/CMakeTmp

Run Build Command:"/usr/bin/make" "cmTC_3cad9/fast"
/usr/bin/make -f CMakeFiles/cmTC_3cad9.dir/build.make CMakeFiles/cmTC_3cad9.dir/build
make[1]: Entering directory '/home/anithagenilos/Λήψεις/ph/warplda-master/release/CMakeFiles/CMakeTmp'
Building CXX object CMakeFiles/cmTC_3cad9.dir/RWLOCK.cpp.o
/usr/bin/c++      -o CMakeFiles/cmTC_3cad9.dir/RWLOCK.cpp.o -c /home/anithagenilos/Λήψεις/ph/warplda-master/release/CMakeFiles/CheckTypeSize/RWLOCK.cpp
Linking CXX executable cmTC_3cad9
/usr/bin/cmake -E cmake_link_script CMakeFiles/cmTC_3cad9.dir/link.txt --verbose=1
/usr/bin/c++        CMakeFiles/cmTC_3cad9.dir/RWLOCK.cpp.o  -o cmTC_3cad9 -rdynamic 
make[1]: Leaving directory '/home/anithagenilos/Λήψεις/ph/warplda-master/release/CMakeFiles/CMakeTmp'


