Determining if the pthread_create exist failed with the following output:
Change Dir: /home/anithagenilos/Λήψεις/ph/warplda-master/release/CMakeFiles/CMakeTmp

Run Build Command:"/usr/bin/make" "cmTC_95ac5/fast"
/usr/bin/make -f CMakeFiles/cmTC_95ac5.dir/build.make CMakeFiles/cmTC_95ac5.dir/build
make[1]: Entering directory '/home/anithagenilos/Λήψεις/ph/warplda-master/release/CMakeFiles/CMakeTmp'
Building C object CMakeFiles/cmTC_95ac5.dir/CheckSymbolExists.c.o
/usr/bin/cc     -o CMakeFiles/cmTC_95ac5.dir/CheckSymbolExists.c.o   -c /home/anithagenilos/Λήψεις/ph/warplda-master/release/CMakeFiles/CMakeTmp/CheckSymbolExists.c
Linking C executable cmTC_95ac5
/usr/bin/cmake -E cmake_link_script CMakeFiles/cmTC_95ac5.dir/link.txt --verbose=1
/usr/bin/cc       CMakeFiles/cmTC_95ac5.dir/CheckSymbolExists.c.o  -o cmTC_95ac5 -rdynamic 
CMakeFiles/cmTC_95ac5.dir/CheckSymbolExists.c.o: In function `main':
CheckSymbolExists.c:(.text+0x1b): undefined reference to `pthread_create'
collect2: error: ld returned 1 exit status
CMakeFiles/cmTC_95ac5.dir/build.make:97: recipe for target 'cmTC_95ac5' failed
make[1]: *** [cmTC_95ac5] Error 1
make[1]: Leaving directory '/home/anithagenilos/Λήψεις/ph/warplda-master/release/CMakeFiles/CMakeTmp'
Makefile:126: recipe for target 'cmTC_95ac5/fast' failed
make: *** [cmTC_95ac5/fast] Error 2

File /home/anithagenilos/Λήψεις/ph/warplda-master/release/CMakeFiles/CMakeTmp/CheckSymbolExists.c:
/* */
#include <pthread.h>

int main(int argc, char** argv)
{
  (void)argv;
#ifndef pthread_create
  return ((int*)(&pthread_create))[argc];
#else
  (void)argc;
  return 0;
#endif
}

Determining if the function pthread_create exists in the pthreads failed with the following output:
Change Dir: /home/anithagenilos/Λήψεις/ph/warplda-master/release/CMakeFiles/CMakeTmp

Run Build Command:"/usr/bin/make" "cmTC_add99/fast"
/usr/bin/make -f CMakeFiles/cmTC_add99.dir/build.make CMakeFiles/cmTC_add99.dir/build
make[1]: Entering directory '/home/anithagenilos/Λήψεις/ph/warplda-master/release/CMakeFiles/CMakeTmp'
Building C object CMakeFiles/cmTC_add99.dir/CheckFunctionExists.c.o
/usr/bin/cc    -DCHECK_FUNCTION_EXISTS=pthread_create   -o CMakeFiles/cmTC_add99.dir/CheckFunctionExists.c.o   -c /usr/share/cmake-3.7/Modules/CheckFunctionExists.c
Linking C executable cmTC_add99
/usr/bin/cmake -E cmake_link_script CMakeFiles/cmTC_add99.dir/link.txt --verbose=1
/usr/bin/cc   -DCHECK_FUNCTION_EXISTS=pthread_create    CMakeFiles/cmTC_add99.dir/CheckFunctionExists.c.o  -o cmTC_add99 -rdynamic -lpthreads 
/usr/bin/ld: cannot find -lpthreads
collect2: error: ld returned 1 exit status
CMakeFiles/cmTC_add99.dir/build.make:97: recipe for target 'cmTC_add99' failed
make[1]: *** [cmTC_add99] Error 1
make[1]: Leaving directory '/home/anithagenilos/Λήψεις/ph/warplda-master/release/CMakeFiles/CMakeTmp'
Makefile:126: recipe for target 'cmTC_add99/fast' failed
make: *** [cmTC_add99/fast] Error 2


